{"C:\\dev\\projects\\flutter_crm_simplified\\backend\\src\\app.controller.ts": {"path":"C:\\dev\\projects\\flutter_crm_simplified\\backend\\src\\app.controller.ts","statementMap":{"0":{"start":{"line":1,"column":0},"end":{"line":1,"column":49}},"1":{"start":{"line":2,"column":0},"end":{"line":2,"column":43}},"2":{"start":{"line":5,"column":7},"end":{"line":12,"column":null}},"3":{"start":{"line":6,"column":31},"end":{"line":6,"column":43}},"4":{"start":{"line":10,"column":4},"end":{"line":10,"column":38}},"5":{"start":{"line":5,"column":13},"end":{"line":5,"column":26}},"6":{"start":{"line":9,"column":2},"end":{"line":11,"column":null}},"7":{"start":{"line":5,"column":13},"end":{"line":12,"column":null}}},"fnMap":{"0":{"name":"(anonymous_2)","decl":{"start":{"line":6,"column":2},"end":{"line":6,"column":31}},"loc":{"start":{"line":6,"column":53},"end":{"line":6,"column":57}}},"1":{"name":"(anonymous_3)","decl":{"start":{"line":9,"column":2},"end":{"line":9,"column":10}},"loc":{"start":{"line":9,"column":10},"end":{"line":11,"column":3}}}},"branchMap":{"0":{"loc":{"start":{"line":6,"column":43},"end":{"line":6,"column":56}},"type":"cond-expr","locations":[{"start":{"line":6,"column":53},"end":{"line":6,"column":56}},{"start":{"line":6,"column":53},"end":{"line":6,"column":56}}]},"1":{"loc":{"start":{"line":6,"column":43},"end":{"line":6,"column":53}},"type":"binary-expr","locations":[{"start":{"line":6,"column":43},"end":{"line":6,"column":56}},{"start":{"line":6,"column":43},"end":{"line":6,"column":53}}]}},"s":{"0":1,"1":1,"2":1,"3":1,"4":1,"5":1,"6":1,"7":1},"f":{"0":1,"1":1},"b":{"0":[1,0],"1":[1,1]}}
,"C:\\dev\\projects\\flutter_crm_simplified\\backend\\src\\app.module.ts": {"path":"C:\\dev\\projects\\flutter_crm_simplified\\backend\\src\\app.module.ts","statementMap":{"0":{"start":{"line":1,"column":0},"end":{"line":1,"column":40}},"1":{"start":{"line":2,"column":0},"end":{"line":2,"column":48}},"2":{"start":{"line":3,"column":0},"end":{"line":3,"column":63}},"3":{"start":{"line":4,"column":0},"end":{"line":4,"column":51}},"4":{"start":{"line":5,"column":0},"end":{"line":5,"column":72}},"5":{"start":{"line":6,"column":0},"end":{"line":6,"column":58}},"6":{"start":{"line":7,"column":0},"end":{"line":7,"column":49}},"7":{"start":{"line":8,"column":0},"end":{"line":8,"column":43}},"8":{"start":{"line":9,"column":0},"end":{"line":9,"column":48}},"9":{"start":{"line":10,"column":0},"end":{"line":10,"column":51}},"10":{"start":{"line":11,"column":0},"end":{"line":11,"column":46}},"11":{"start":{"line":12,"column":0},"end":{"line":12,"column":39}},"12":{"start":{"line":14,"column":0},"end":{"line":14,"column":51}},"13":{"start":{"line":15,"column":0},"end":{"line":15,"column":48}},"14":{"start":{"line":17,"column":0},"end":{"line":17,"column":61}},"15":{"start":{"line":18,"column":0},"end":{"line":18,"column":65}},"16":{"start":{"line":19,"column":0},"end":{"line":19,"column":51}},"17":{"start":{"line":20,"column":0},"end":{"line":20,"column":57}},"18":{"start":{"line":21,"column":0},"end":{"line":21,"column":64}},"19":{"start":{"line":44,"column":7},"end":{"line":44,"column":null}},"20":{"start":{"line":44,"column":13},"end":{"line":44,"column":22}},"21":{"start":{"line":44,"column":13},"end":{"line":44,"column":null}}},"fnMap":{},"branchMap":{},"s":{"0":0,"1":0,"2":0,"3":0,"4":0,"5":0,"6":0,"7":0,"8":0,"9":0,"10":0,"11":0,"12":0,"13":0,"14":0,"15":0,"16":0,"17":0,"18":0,"19":0,"20":0,"21":0},"f":{},"b":{}}
,"C:\\dev\\projects\\flutter_crm_simplified\\backend\\src\\app.service.ts": {"path":"C:\\dev\\projects\\flutter_crm_simplified\\backend\\src\\app.service.ts","statementMap":{"0":{"start":{"line":1,"column":0},"end":{"line":1,"column":44}},"1":{"start":{"line":4,"column":7},"end":{"line":8,"column":null}},"2":{"start":{"line":6,"column":4},"end":{"line":6,"column":26}},"3":{"start":{"line":4,"column":13},"end":{"line":4,"column":23}},"4":{"start":{"line":4,"column":13},"end":{"line":8,"column":null}}},"fnMap":{"0":{"name":"(anonymous_1)","decl":{"start":{"line":5,"column":2},"end":{"line":5,"column":10}},"loc":{"start":{"line":5,"column":10},"end":{"line":7,"column":3}}}},"branchMap":{},"s":{"0":1,"1":1,"2":1,"3":1,"4":1},"f":{"0":1},"b":{}}
,"C:\\dev\\projects\\flutter_crm_simplified\\backend\\src\\data-source.ts": {"path":"C:\\dev\\projects\\flutter_crm_simplified\\backend\\src\\data-source.ts","statementMap":{"0":{"start":{"line":1,"column":0},"end":{"line":1,"column":37}},"1":{"start":{"line":2,"column":0},"end":{"line":2,"column":32}},"2":{"start":{"line":3,"column":0},"end":{"line":3,"column":53}},"3":{"start":{"line":4,"column":0},"end":{"line":4,"column":65}},"4":{"start":{"line":5,"column":0},"end":{"line":5,"column":74}},"5":{"start":{"line":6,"column":0},"end":{"line":6,"column":53}},"6":{"start":{"line":7,"column":0},"end":{"line":7,"column":61}},"7":{"start":{"line":8,"column":0},"end":{"line":8,"column":58}},"8":{"start":{"line":9,"column":0},"end":{"line":9,"column":68}},"9":{"start":{"line":10,"column":0},"end":{"line":10,"column":66}},"10":{"start":{"line":11,"column":0},"end":{"line":11,"column":75}},"11":{"start":{"line":12,"column":0},"end":{"line":12,"column":84}},"12":{"start":{"line":14,"column":0},"end":{"line":14,"column":9}},"13":{"start":{"line":16,"column":20},"end":{"line":16,"column":79}},"14":{"start":{"line":17,"column":0},"end":{"line":21,"column":1}},"15":{"start":{"line":18,"column":2},"end":{"line":20,"column":3}},"16":{"start":{"line":19,"column":4},"end":{"line":19,"column":69}},"17":{"start":{"line":24,"column":19},"end":{"line":38,"column":2}},"18":{"start":{"line":40,"column":0},"end":{"line":48,"column":5}},"19":{"start":{"line":42,"column":4},"end":{"line":44,"column":5}},"20":{"start":{"line":43,"column":6},"end":{"line":43,"column":42}},"21":{"start":{"line":47,"column":4},"end":{"line":47,"column":55}},"22":{"start":{"line":50,"column":0},"end":{"line":50,"column":26}}},"fnMap":{"0":{"name":"(anonymous_0)","decl":{"start":{"line":41,"column":8},"end":{"line":41,"column":11}},"loc":{"start":{"line":41,"column":13},"end":{"line":45,"column":3}}},"1":{"name":"(anonymous_1)","decl":{"start":{"line":46,"column":9},"end":{"line":46,"column":10}},"loc":{"start":{"line":46,"column":17},"end":{"line":48,"column":3}}}},"branchMap":{"0":{"loc":{"start":{"line":18,"column":2},"end":{"line":20,"column":3}},"type":"if","locations":[{"start":{"line":18,"column":2},"end":{"line":20,"column":3}},{"start":{},"end":{}}]},"1":{"loc":{"start":{"line":42,"column":4},"end":{"line":44,"column":5}},"type":"if","locations":[{"start":{"line":42,"column":4},"end":{"line":44,"column":5}},{"start":{},"end":{}}]}},"s":{"0":0,"1":0,"2":0,"3":0,"4":0,"5":0,"6":0,"7":0,"8":0,"9":0,"10":0,"11":0,"12":0,"13":0,"14":0,"15":0,"16":0,"17":0,"18":0,"19":0,"20":0,"21":0,"22":0},"f":{"0":0,"1":0},"b":{"0":[0,0],"1":[0,0]}}
,"C:\\dev\\projects\\flutter_crm_simplified\\backend\\src\\firebase-admin.config.ts": {"path":"C:\\dev\\projects\\flutter_crm_simplified\\backend\\src\\firebase-admin.config.ts","statementMap":{"0":{"start":{"line":1,"column":0},"end":{"line":1,"column":40}},"1":{"start":{"line":3,"column":15},"end":{"line":3,"column":56}},"2":{"start":{"line":5,"column":0},"end":{"line":23,"column":1}},"3":{"start":{"line":6,"column":2},"end":{"line":22,"column":3}},"4":{"start":{"line":7,"column":4},"end":{"line":17,"column":5}},"5":{"start":{"line":8,"column":21},"end":{"line":8,"column":39}},"6":{"start":{"line":9,"column":6},"end":{"line":11,"column":9}},"7":{"start":{"line":13,"column":6},"end":{"line":13,"column":75}},"8":{"start":{"line":14,"column":6},"end":{"line":16,"column":9}},"9":{"start":{"line":19,"column":4},"end":{"line":21,"column":7}}},"fnMap":{},"branchMap":{"0":{"loc":{"start":{"line":5,"column":0},"end":{"line":23,"column":1}},"type":"if","locations":[{"start":{"line":5,"column":0},"end":{"line":23,"column":1}},{"start":{},"end":{}}]},"1":{"loc":{"start":{"line":6,"column":2},"end":{"line":22,"column":3}},"type":"if","locations":[{"start":{"line":6,"column":2},"end":{"line":22,"column":3}},{"start":{"line":18,"column":9},"end":{"line":22,"column":3}}]}},"s":{"0":0,"1":0,"2":0,"3":0,"4":0,"5":0,"6":0,"7":0,"8":0,"9":0},"f":{},"b":{"0":[0,0],"1":[0,0]}}
,"C:\\dev\\projects\\flutter_crm_simplified\\backend\\src\\main.ts": {"path":"C:\\dev\\projects\\flutter_crm_simplified\\backend\\src\\main.ts","statementMap":{"0":{"start":{"line":1,"column":0},"end":{"line":1,"column":43}},"1":{"start":{"line":2,"column":0},"end":{"line":2,"column":41}},"2":{"start":{"line":4,"column":0},"end":{"line":4,"column":48}},"3":{"start":{"line":5,"column":0},"end":{"line":5,"column":28}},"4":{"start":{"line":6,"column":0},"end":{"line":6,"column":32}},"5":{"start":{"line":9,"column":14},"end":{"line":9,"column":73}},"6":{"start":{"line":10,"column":2},"end":{"line":10,"column":79}},"7":{"start":{"line":13,"column":27},"end":{"line":13,"column":70}},"8":{"start":{"line":16,"column":2},"end":{"line":20,"column":3}},"9":{"start":{"line":17,"column":4},"end":{"line":17,"column":60}},"10":{"start":{"line":18,"column":4},"end":{"line":18,"column":65}},"11":{"start":{"line":19,"column":4},"end":{"line":19,"column":91}},"12":{"start":{"line":22,"column":2},"end":{"line":24,"column":5}},"13":{"start":{"line":26,"column":2},"end":{"line":35,"column":5}},"14":{"start":{"line":27,"column":4},"end":{"line":33,"column":5}},"15":{"start":{"line":28,"column":24},"end":{"line":28,"column":55}},"16":{"start":{"line":29,"column":6},"end":{"line":31,"column":7}},"17":{"start":{"line":30,"column":8},"end":{"line":30,"column":75}},"18":{"start":{"line":32,"column":6},"end":{"line":32,"column":61}},"19":{"start":{"line":34,"column":4},"end":{"line":34,"column":11}},"20":{"start":{"line":37,"column":2},"end":{"line":42,"column":5}},"21":{"start":{"line":38,"column":4},"end":{"line":40,"column":5}},"22":{"start":{"line":39,"column":6},"end":{"line":39,"column":45}},"23":{"start":{"line":41,"column":4},"end":{"line":41,"column":11}},"24":{"start":{"line":44,"column":2},"end":{"line":58,"column":5}},"25":{"start":{"line":46,"column":4},"end":{"line":56,"column":5}},"26":{"start":{"line":55,"column":6},"end":{"line":55,"column":64}},"27":{"start":{"line":57,"column":4},"end":{"line":57,"column":11}},"28":{"start":{"line":60,"column":15},"end":{"line":60,"column":65}},"29":{"start":{"line":61,"column":2},"end":{"line":61,"column":25}},"30":{"start":{"line":62,"column":2},"end":{"line":64,"column":3}},"31":{"start":{"line":63,"column":4},"end":{"line":63,"column":95}},"32":{"start":{"line":66,"column":0},"end":{"line":66,"column":12}}},"fnMap":{"0":{"name":"bootstrap","decl":{"start":{"line":8,"column":15},"end":{"line":8,"column":24}},"loc":{"start":{"line":8,"column":24},"end":{"line":65,"column":1}}},"1":{"name":"(anonymous_1)","decl":{"start":{"line":26,"column":10},"end":{"line":26,"column":11}},"loc":{"start":{"line":26,"column":29},"end":{"line":35,"column":3}}},"2":{"name":"(anonymous_2)","decl":{"start":{"line":37,"column":10},"end":{"line":37,"column":11}},"loc":{"start":{"line":37,"column":29},"end":{"line":42,"column":3}}},"3":{"name":"(anonymous_3)","decl":{"start":{"line":44,"column":10},"end":{"line":44,"column":11}},"loc":{"start":{"line":44,"column":29},"end":{"line":58,"column":3}}}},"branchMap":{"0":{"loc":{"start":{"line":16,"column":2},"end":{"line":20,"column":3}},"type":"if","locations":[{"start":{"line":16,"column":2},"end":{"line":20,"column":3}},{"start":{},"end":{}}]},"1":{"loc":{"start":{"line":27,"column":4},"end":{"line":33,"column":5}},"type":"if","locations":[{"start":{"line":27,"column":4},"end":{"line":33,"column":5}},{"start":{},"end":{}}]},"2":{"loc":{"start":{"line":27,"column":8},"end":{"line":27,"column":65}},"type":"binary-expr","locations":[{"start":{"line":27,"column":8},"end":{"line":27,"column":37}},{"start":{"line":27,"column":41},"end":{"line":27,"column":65}}]},"3":{"loc":{"start":{"line":29,"column":6},"end":{"line":31,"column":7}},"type":"if","locations":[{"start":{"line":29,"column":6},"end":{"line":31,"column":7}},{"start":{},"end":{}}]},"4":{"loc":{"start":{"line":38,"column":4},"end":{"line":40,"column":5}},"type":"if","locations":[{"start":{"line":38,"column":4},"end":{"line":40,"column":5}},{"start":{},"end":{}}]},"5":{"loc":{"start":{"line":46,"column":4},"end":{"line":56,"column":5}},"type":"if","locations":[{"start":{"line":46,"column":4},"end":{"line":56,"column":5}},{"start":{},"end":{}}]},"6":{"loc":{"start":{"line":47,"column":6},"end":{"line":53,"column":25}},"type":"binary-expr","locations":[{"start":{"line":47,"column":6},"end":{"line":47,"column":26}},{"start":{"line":48,"column":6},"end":{"line":48,"column":34}},{"start":{"line":49,"column":6},"end":{"line":49,"column":43}},{"start":{"line":50,"column":6},"end":{"line":50,"column":49}},{"start":{"line":51,"column":6},"end":{"line":51,"column":43}},{"start":{"line":52,"column":6},"end":{"line":52,"column":29}},{"start":{"line":53,"column":6},"end":{"line":53,"column":25}}]},"7":{"loc":{"start":{"line":60,"column":15},"end":{"line":60,"column":65}},"type":"cond-expr","locations":[{"start":{"line":60,"column":34},"end":{"line":60,"column":58}},{"start":{"line":60,"column":61},"end":{"line":60,"column":65}}]},"8":{"loc":{"start":{"line":62,"column":2},"end":{"line":64,"column":3}},"type":"if","locations":[{"start":{"line":62,"column":2},"end":{"line":64,"column":3}},{"start":{},"end":{}}]},"9":{"loc":{"start":{"line":63,"column":37},"end":{"line":63,"column":91}},"type":"binary-expr","locations":[{"start":{"line":63,"column":37},"end":{"line":63,"column":61}},{"start":{"line":63,"column":65},"end":{"line":63,"column":91}}]}},"s":{"0":0,"1":0,"2":0,"3":0,"4":0,"5":0,"6":0,"7":0,"8":0,"9":0,"10":0,"11":0,"12":0,"13":0,"14":0,"15":0,"16":0,"17":0,"18":0,"19":0,"20":0,"21":0,"22":0,"23":0,"24":0,"25":0,"26":0,"27":0,"28":0,"29":0,"30":0,"31":0,"32":0},"f":{"0":0,"1":0,"2":0,"3":0},"b":{"0":[0,0],"1":[0,0],"2":[0,0],"3":[0,0],"4":[0,0],"5":[0,0],"6":[0,0,0,0,0,0,0],"7":[0,0],"8":[0,0],"9":[0,0]}}
,"C:\\dev\\projects\\flutter_crm_simplified\\backend\\src\\ai-actions\\ai-actions.module.ts": {"path":"C:\\dev\\projects\\flutter_crm_simplified\\backend\\src\\ai-actions\\ai-actions.module.ts","statementMap":{"0":{"start":{"line":1,"column":0},"end":{"line":1,"column":40}},"1":{"start":{"line":2,"column":0},"end":{"line":2,"column":48}},"2":{"start":{"line":3,"column":0},"end":{"line":3,"column":55}},"3":{"start":{"line":4,"column":0},"end":{"line":4,"column":56}},"4":{"start":{"line":11,"column":7},"end":{"line":11,"column":null}},"5":{"start":{"line":11,"column":13},"end":{"line":11,"column":28}},"6":{"start":{"line":11,"column":13},"end":{"line":11,"column":null}}},"fnMap":{},"branchMap":{},"s":{"0":0,"1":0,"2":0,"3":0,"4":0,"5":0,"6":0},"f":{},"b":{}}
,"C:\\dev\\projects\\flutter_crm_simplified\\backend\\src\\ai-actions\\ai-actions.service.ts": {"path":"C:\\dev\\projects\\flutter_crm_simplified\\backend\\src\\ai-actions\\ai-actions.service.ts","statementMap":{"0":{"start":{"line":1,"column":0},"end":{"line":1,"column":44}},"1":{"start":{"line":2,"column":0},"end":{"line":2,"column":51}},"2":{"start":{"line":3,"column":0},"end":{"line":3,"column":37}},"3":{"start":{"line":4,"column":0},"end":{"line":4,"column":55}},"4":{"start":{"line":7,"column":7},"end":{"line":37,"column":null}},"5":{"start":{"line":10,"column":21},"end":{"line":10,"column":36}},"6":{"start":{"line":15,"column":4},"end":{"line":23,"column":5}},"7":{"start":{"line":16,"column":21},"end":{"line":16,"column":82}},"8":{"start":{"line":17,"column":20},"end":{"line":17,"column":57}},"9":{"start":{"line":18,"column":6},"end":{"line":18,"column":47}},"10":{"start":{"line":21,"column":23},"end":{"line":21,"column":81}},"11":{"start":{"line":22,"column":6},"end":{"line":22,"column":51}},"12":{"start":{"line":27,"column":21},"end":{"line":27,"column":79}},"13":{"start":{"line":28,"column":4},"end":{"line":28,"column":31}},"14":{"start":{"line":28,"column":19},"end":{"line":28,"column":31}},"15":{"start":{"line":29,"column":4},"end":{"line":29,"column":39}},"16":{"start":{"line":30,"column":4},"end":{"line":30,"column":33}},"17":{"start":{"line":31,"column":4},"end":{"line":31,"column":45}},"18":{"start":{"line":35,"column":4},"end":{"line":35,"column":64}},"19":{"start":{"line":7,"column":13},"end":{"line":7,"column":29}},"20":{"start":{"line":7,"column":13},"end":{"line":37,"column":null}}},"fnMap":{"0":{"name":"(anonymous_4)","decl":{"start":{"line":8,"column":2},"end":{"line":8,"column":null}},"loc":{"start":{"line":10,"column":56},"end":{"line":11,"column":6}}},"1":{"name":"(anonymous_5)","decl":{"start":{"line":13,"column":2},"end":{"line":13,"column":7}},"loc":{"start":{"line":13,"column":67},"end":{"line":24,"column":3}}},"2":{"name":"(anonymous_6)","decl":{"start":{"line":26,"column":2},"end":{"line":26,"column":7}},"loc":{"start":{"line":26,"column":73},"end":{"line":32,"column":3}}},"3":{"name":"(anonymous_7)","decl":{"start":{"line":34,"column":2},"end":{"line":34,"column":7}},"loc":{"start":{"line":34,"column":41},"end":{"line":36,"column":3}}}},"branchMap":{"0":{"loc":{"start":{"line":28,"column":4},"end":{"line":28,"column":31}},"type":"if","locations":[{"start":{"line":28,"column":4},"end":{"line":28,"column":31}},{"start":{},"end":{}}]},"1":{"loc":{"start":{"line":10,"column":36},"end":{"line":10,"column":56}},"type":"cond-expr","locations":[{"start":{"line":10,"column":46},"end":{"line":10,"column":56}},{"start":{"line":10,"column":46},"end":{"line":10,"column":56}}]},"2":{"loc":{"start":{"line":10,"column":36},"end":{"line":10,"column":46}},"type":"binary-expr","locations":[{"start":{"line":10,"column":36},"end":{"line":10,"column":56}},{"start":{"line":10,"column":36},"end":{"line":10,"column":46}}]}},"s":{"0":5,"1":5,"2":5,"3":5,"4":5,"5":0,"6":0,"7":0,"8":0,"9":0,"10":0,"11":0,"12":0,"13":0,"14":0,"15":0,"16":0,"17":0,"18":0,"19":5,"20":5},"f":{"0":0,"1":0,"2":0,"3":0},"b":{"0":[0,0],"1":[5,0],"2":[5,5]}}
,"C:\\dev\\projects\\flutter_crm_simplified\\backend\\src\\ai-actions\\entities\\ai-action.entity.ts": {"path":"C:\\dev\\projects\\flutter_crm_simplified\\backend\\src\\ai-actions\\entities\\ai-action.entity.ts","statementMap":{"0":{"start":{"line":1,"column":0},"end":{"line":1,"column":83}},"1":{"start":{"line":4,"column":7},"end":{"line":25,"column":null}},"2":{"start":{"line":4,"column":13},"end":{"line":4,"column":21}},"3":{"start":{"line":6,"column":2},"end":{"line":6,"column":null}},"4":{"start":{"line":9,"column":2},"end":{"line":9,"column":null}},"5":{"start":{"line":12,"column":2},"end":{"line":12,"column":null}},"6":{"start":{"line":15,"column":2},"end":{"line":15,"column":null}},"7":{"start":{"line":18,"column":2},"end":{"line":18,"column":null}},"8":{"start":{"line":21,"column":2},"end":{"line":21,"column":null}},"9":{"start":{"line":24,"column":2},"end":{"line":24,"column":null}},"10":{"start":{"line":4,"column":13},"end":{"line":25,"column":null}}},"fnMap":{},"branchMap":{"0":{"loc":{"start":{"line":24,"column":13},"end":{"line":24,"column":18}},"type":"cond-expr","locations":[{"start":{"line":24,"column":17},"end":{"line":24,"column":18}},{"start":{"line":24,"column":17},"end":{"line":24,"column":18}}]},"1":{"loc":{"start":{"line":24,"column":13},"end":{"line":24,"column":17}},"type":"binary-expr","locations":[{"start":{"line":24,"column":13},"end":{"line":24,"column":18}},{"start":{"line":24,"column":13},"end":{"line":24,"column":17}}]}},"s":{"0":5,"1":5,"2":5,"3":5,"4":5,"5":5,"6":5,"7":5,"8":5,"9":5,"10":5},"f":{},"b":{"0":[5,0],"1":[5,5]}}
,"C:\\dev\\projects\\flutter_crm_simplified\\backend\\src\\appointments\\appointments.ai.service.ts": {"path":"C:\\dev\\projects\\flutter_crm_simplified\\backend\\src\\appointments\\appointments.ai.service.ts","statementMap":{"0":{"start":{"line":1,"column":0},"end":{"line":1,"column":44}},"1":{"start":{"line":3,"column":0},"end":{"line":3,"column":68}},"2":{"start":{"line":4,"column":0},"end":{"line":4,"column":61}},"3":{"start":{"line":5,"column":0},"end":{"line":5,"column":66}},"4":{"start":{"line":8,"column":7},"end":{"line":81,"column":null}},"5":{"start":{"line":10,"column":12},"end":{"line":10,"column":30}},"6":{"start":{"line":11,"column":12},"end":{"line":11,"column":33}},"7":{"start":{"line":12,"column":12},"end":{"line":12,"column":30}},"8":{"start":{"line":16,"column":22},"end":{"line":16,"column":57}},"9":{"start":{"line":17,"column":33},"end":{"line":17,"column":106}},"10":{"start":{"line":19,"column":4},"end":{"line":26,"column":5}},"11":{"start":{"line":20,"column":6},"end":{"line":24,"column":7}},"12":{"start":{"line":22,"column":25},"end":{"line":22,"column":64}},"13":{"start":{"line":23,"column":8},"end":{"line":23,"column":70}},"14":{"start":{"line":23,"column":34},"end":{"line":23,"column":58}},"15":{"start":{"line":25,"column":6},"end":{"line":25,"column":20}},"16":{"start":{"line":29,"column":18},"end":{"line":29,"column":50}},"17":{"start":{"line":30,"column":22},"end":{"line":30,"column":37}},"18":{"start":{"line":33,"column":16},"end":{"line":33,"column":60}},"19":{"start":{"line":33,"column":31},"end":{"line":33,"column":60}},"20":{"start":{"line":34,"column":30},"end":{"line":34,"column":91}},"21":{"start":{"line":34,"column":43},"end":{"line":34,"column":91}},"22":{"start":{"line":36,"column":16},"end":{"line":36,"column":37}},"23":{"start":{"line":37,"column":21},"end":{"line":37,"column":96}},"24":{"start":{"line":38,"column":28},"end":{"line":38,"column":52}},"25":{"start":{"line":39,"column":38},"end":{"line":39,"column":101}},"26":{"start":{"line":42,"column":28},"end":{"line":42,"column":53}},"27":{"start":{"line":43,"column":24},"end":{"line":43,"column":26}},"28":{"start":{"line":44,"column":19},"end":{"line":44,"column":20}},"29":{"start":{"line":45,"column":4},"end":{"line":56,"column":5}},"30":{"start":{"line":46,"column":6},"end":{"line":52,"column":7}},"31":{"start":{"line":48,"column":8},"end":{"line":48,"column":61}},"32":{"start":{"line":49,"column":8},"end":{"line":49,"column":45}},"33":{"start":{"line":50,"column":8},"end":{"line":50,"column":82}},"34":{"start":{"line":51,"column":8},"end":{"line":51,"column":19}},"35":{"start":{"line":55,"column":6},"end":{"line":55,"column":92}},"36":{"start":{"line":58,"column":20},"end":{"line":67,"column":6}},"37":{"start":{"line":70,"column":26},"end":{"line":70,"column":71}},"38":{"start":{"line":71,"column":22},"end":{"line":71,"column":70}},"39":{"start":{"line":73,"column":4},"end":{"line":75,"column":5}},"40":{"start":{"line":74,"column":6},"end":{"line":74,"column":81}},"41":{"start":{"line":79,"column":4},"end":{"line":79,"column":36}},"42":{"start":{"line":8,"column":13},"end":{"line":8,"column":34}},"43":{"start":{"line":8,"column":13},"end":{"line":81,"column":null}}},"fnMap":{"0":{"name":"(anonymous_2)","decl":{"start":{"line":9,"column":2},"end":{"line":9,"column":null}},"loc":{"start":{"line":12,"column":46},"end":{"line":13,"column":6}}},"1":{"name":"(anonymous_3)","decl":{"start":{"line":15,"column":9},"end":{"line":15,"column":14}},"loc":{"start":{"line":15,"column":64},"end":{"line":80,"column":3}}},"2":{"name":"(anonymous_4)","decl":{"start":{"line":23,"column":29},"end":{"line":23,"column":30}},"loc":{"start":{"line":23,"column":34},"end":{"line":23,"column":58}}},"3":{"name":"(anonymous_5)","decl":{"start":{"line":33,"column":16},"end":{"line":33,"column":17}},"loc":{"start":{"line":33,"column":31},"end":{"line":33,"column":60}}},"4":{"name":"(anonymous_6)","decl":{"start":{"line":34,"column":30},"end":{"line":34,"column":31}},"loc":{"start":{"line":34,"column":43},"end":{"line":34,"column":91}}}},"branchMap":{"0":{"loc":{"start":{"line":16,"column":22},"end":{"line":16,"column":57}},"type":"binary-expr","locations":[{"start":{"line":16,"column":22},"end":{"line":16,"column":35}},{"start":{"line":16,"column":39},"end":{"line":16,"column":57}}]},"1":{"loc":{"start":{"line":19,"column":4},"end":{"line":26,"column":5}},"type":"if","locations":[{"start":{"line":19,"column":4},"end":{"line":26,"column":5}},{"start":{},"end":{}}]},"2":{"loc":{"start":{"line":20,"column":6},"end":{"line":24,"column":7}},"type":"if","locations":[{"start":{"line":20,"column":6},"end":{"line":24,"column":7}},{"start":{},"end":{}}]},"3":{"loc":{"start":{"line":20,"column":10},"end":{"line":20,"column":68}},"type":"binary-expr","locations":[{"start":{"line":20,"column":10},"end":{"line":20,"column":48}},{"start":{"line":20,"column":52},"end":{"line":20,"column":68}}]},"4":{"loc":{"start":{"line":23,"column":15},"end":{"line":23,"column":69}},"type":"binary-expr","locations":[{"start":{"line":23,"column":15},"end":{"line":23,"column":59}},{"start":{"line":23,"column":63},"end":{"line":23,"column":69}}]},"5":{"loc":{"start":{"line":29,"column":18},"end":{"line":29,"column":50}},"type":"binary-expr","locations":[{"start":{"line":29,"column":18},"end":{"line":29,"column":33}},{"start":{"line":29,"column":37},"end":{"line":29,"column":50}}]},"6":{"loc":{"start":{"line":30,"column":22},"end":{"line":30,"column":37}},"type":"binary-expr","locations":[{"start":{"line":30,"column":22},"end":{"line":30,"column":31}},{"start":{"line":30,"column":35},"end":{"line":30,"column":37}}]},"7":{"loc":{"start":{"line":37,"column":21},"end":{"line":37,"column":96}},"type":"cond-expr","locations":[{"start":{"line":37,"column":72},"end":{"line":37,"column":91}},{"start":{"line":37,"column":94},"end":{"line":37,"column":96}}]},"8":{"loc":{"start":{"line":37,"column":22},"end":{"line":37,"column":68}},"type":"binary-expr","locations":[{"start":{"line":37,"column":22},"end":{"line":37,"column":41}},{"start":{"line":37,"column":45},"end":{"line":37,"column":68}}]},"9":{"loc":{"start":{"line":46,"column":13},"end":{"line":46,"column":117}},"type":"binary-expr","locations":[{"start":{"line":46,"column":13},"end":{"line":46,"column":91}},{"start":{"line":46,"column":95},"end":{"line":46,"column":117}}]},"10":{"loc":{"start":{"line":70,"column":26},"end":{"line":70,"column":71}},"type":"cond-expr","locations":[{"start":{"line":70,"column":51},"end":{"line":70,"column":61}},{"start":{"line":70,"column":64},"end":{"line":70,"column":71}}]},"11":{"loc":{"start":{"line":71,"column":22},"end":{"line":71,"column":70}},"type":"cond-expr","locations":[{"start":{"line":71,"column":39},"end":{"line":71,"column":63}},{"start":{"line":71,"column":66},"end":{"line":71,"column":70}}]},"12":{"loc":{"start":{"line":73,"column":4},"end":{"line":75,"column":5}},"type":"if","locations":[{"start":{"line":73,"column":4},"end":{"line":75,"column":5}},{"start":{},"end":{}}]},"13":{"loc":{"start":{"line":79,"column":11},"end":{"line":79,"column":35}},"type":"binary-expr","locations":[{"start":{"line":79,"column":11},"end":{"line":79,"column":24}},{"start":{"line":79,"column":28},"end":{"line":79,"column":35}}]},"14":{"loc":{"start":{"line":10,"column":30},"end":{"line":10,"column":null}},"type":"cond-expr","locations":[{"start":{"line":10,"column":46},"end":{"line":10,"column":null}},{"start":{"line":10,"column":46},"end":{"line":10,"column":null}}]},"15":{"loc":{"start":{"line":10,"column":30},"end":{"line":10,"column":46}},"type":"binary-expr","locations":[{"start":{"line":10,"column":30},"end":{"line":10,"column":null}},{"start":{"line":10,"column":30},"end":{"line":10,"column":46}}]},"16":{"loc":{"start":{"line":10,"column":46},"end":{"line":11,"column":null}},"type":"cond-expr","locations":[{"start":{"line":11,"column":52},"end":{"line":11,"column":null}},{"start":{"line":11,"column":52},"end":{"line":11,"column":null}}]},"17":{"loc":{"start":{"line":10,"column":46},"end":{"line":11,"column":52}},"type":"binary-expr","locations":[{"start":{"line":10,"column":46},"end":{"line":11,"column":null}},{"start":{"line":11,"column":33},"end":{"line":11,"column":52}}]},"18":{"loc":{"start":{"line":11,"column":52},"end":{"line":12,"column":null}},"type":"cond-expr","locations":[{"start":{"line":12,"column":46},"end":{"line":12,"column":null}},{"start":{"line":12,"column":46},"end":{"line":12,"column":null}}]},"19":{"loc":{"start":{"line":11,"column":52},"end":{"line":12,"column":46}},"type":"binary-expr","locations":[{"start":{"line":11,"column":52},"end":{"line":12,"column":null}},{"start":{"line":12,"column":30},"end":{"line":12,"column":46}}]}},"s":{"0":4,"1":4,"2":4,"3":4,"4":4,"5":3,"6":3,"7":3,"8":3,"9":3,"10":2,"11":0,"12":0,"13":0,"14":0,"15":0,"16":2,"17":2,"18":2,"19":8,"20":2,"21":4,"22":2,"23":2,"24":2,"25":2,"26":2,"27":2,"28":2,"29":2,"30":2,"31":0,"32":0,"33":0,"34":0,"35":0,"36":2,"37":2,"38":2,"39":2,"40":2,"41":2,"42":4,"43":4},"f":{"0":3,"1":3,"2":0,"3":8,"4":4},"b":{"0":[3,0],"1":[0,2],"2":[0,0],"3":[0,0],"4":[0,0],"5":[2,2],"6":[2,2],"7":[2,0],"8":[2,2],"9":[2,0],"10":[0,2],"11":[2,0],"12":[2,0],"13":[2,0],"14":[4,0],"15":[4,4],"16":[4,0],"17":[4,4],"18":[4,0],"19":[4,4]}}
,"C:\\dev\\projects\\flutter_crm_simplified\\backend\\src\\appointments\\appointments.controller.ts": {"path":"C:\\dev\\projects\\flutter_crm_simplified\\backend\\src\\appointments\\appointments.controller.ts","statementMap":{"0":{"start":{"line":2,"column":0},"end":{"line":2,"column":61}},"1":{"start":{"line":3,"column":0},"end":{"line":3,"column":51}},"2":{"start":{"line":4,"column":0},"end":{"line":4,"column":37}},"3":{"start":{"line":5,"column":0},"end":{"line":5,"column":61}},"4":{"start":{"line":6,"column":0},"end":{"line":6,"column":68}},"5":{"start":{"line":7,"column":0},"end":{"line":7,"column":61}},"6":{"start":{"line":10,"column":7},"end":{"line":73,"column":null}},"7":{"start":{"line":13,"column":19},"end":{"line":13,"column":36}},"8":{"start":{"line":14,"column":19},"end":{"line":14,"column":40}},"9":{"start":{"line":19,"column":2},"end":{"line":19,"column":37}},"10":{"start":{"line":25,"column":14},"end":{"line":25,"column":44}},"11":{"start":{"line":26,"column":3},"end":{"line":28,"column":4}},"12":{"start":{"line":27,"column":4},"end":{"line":27,"column":48}},"13":{"start":{"line":30,"column":22},"end":{"line":30,"column":40}},"14":{"start":{"line":31,"column":4},"end":{"line":39,"column":5}},"15":{"start":{"line":32,"column":5},"end":{"line":38,"column":6}},"16":{"start":{"line":33,"column":19},"end":{"line":33,"column":54}},"17":{"start":{"line":34,"column":16},"end":{"line":34,"column":35}},"18":{"start":{"line":35,"column":6},"end":{"line":35,"column":52}},"19":{"start":{"line":35,"column":13},"end":{"line":35,"column":52}},"20":{"start":{"line":37,"column":6},"end":{"line":37,"column":23}},"21":{"start":{"line":40,"column":4},"end":{"line":40,"column":39}},"22":{"start":{"line":40,"column":22},"end":{"line":40,"column":39}},"23":{"start":{"line":43,"column":17},"end":{"line":43,"column":29}},"24":{"start":{"line":44,"column":15},"end":{"line":44,"column":63}},"25":{"start":{"line":46,"column":15},"end":{"line":46,"column":59}},"26":{"start":{"line":46,"column":30},"end":{"line":46,"column":59}},"27":{"start":{"line":47,"column":21},"end":{"line":47,"column":77}},"28":{"start":{"line":48,"column":19},"end":{"line":48,"column":71}},"29":{"start":{"line":51,"column":20},"end":{"line":51,"column":84}},"30":{"start":{"line":54,"column":20},"end":{"line":54,"column":59}},"31":{"start":{"line":55,"column":21},"end":{"line":55,"column":91}},"32":{"start":{"line":56,"column":4},"end":{"line":58,"column":5}},"33":{"start":{"line":57,"column":5},"end":{"line":57,"column":112}},"34":{"start":{"line":60,"column":24},"end":{"line":70,"column":5}},"35":{"start":{"line":71,"column":3},"end":{"line":71,"column":49}},"36":{"start":{"line":10,"column":13},"end":{"line":10,"column":35}},"37":{"start":{"line":18,"column":7},"end":{"line":20,"column":null}},"38":{"start":{"line":23,"column":7},"end":{"line":72,"column":null}},"39":{"start":{"line":10,"column":13},"end":{"line":73,"column":null}}},"fnMap":{"0":{"name":"(anonymous_4)","decl":{"start":{"line":11,"column":1},"end":{"line":11,"column":null}},"loc":{"start":{"line":14,"column":59},"end":{"line":15,"column":6}}},"1":{"name":"(anonymous_5)","decl":{"start":{"line":18,"column":7},"end":{"line":18,"column":13}},"loc":{"start":{"line":18,"column":13},"end":{"line":20,"column":2}}},"2":{"name":"(anonymous_6)","decl":{"start":{"line":23,"column":7},"end":{"line":23,"column":13}},"loc":{"start":{"line":23,"column":48},"end":{"line":72,"column":2}}},"3":{"name":"(anonymous_7)","decl":{"start":{"line":46,"column":15},"end":{"line":46,"column":16}},"loc":{"start":{"line":46,"column":30},"end":{"line":46,"column":59}}}},"branchMap":{"0":{"loc":{"start":{"line":26,"column":3},"end":{"line":28,"column":4}},"type":"if","locations":[{"start":{"line":26,"column":3},"end":{"line":28,"column":4}},{"start":{},"end":{}}]},"1":{"loc":{"start":{"line":30,"column":22},"end":{"line":30,"column":40}},"type":"binary-expr","locations":[{"start":{"line":30,"column":22},"end":{"line":30,"column":35}},{"start":{"line":30,"column":39},"end":{"line":30,"column":40}}]},"2":{"loc":{"start":{"line":31,"column":4},"end":{"line":39,"column":5}},"type":"if","locations":[{"start":{"line":31,"column":4},"end":{"line":39,"column":5}},{"start":{},"end":{}}]},"3":{"loc":{"start":{"line":33,"column":20},"end":{"line":33,"column":42}},"type":"binary-expr","locations":[{"start":{"line":33,"column":20},"end":{"line":33,"column":36}},{"start":{"line":33,"column":40},"end":{"line":33,"column":42}}]},"4":{"loc":{"start":{"line":35,"column":6},"end":{"line":35,"column":52}},"type":"if","locations":[{"start":{"line":35,"column":6},"end":{"line":35,"column":52}},{"start":{},"end":{}}]},"5":{"loc":{"start":{"line":35,"column":27},"end":{"line":35,"column":51}},"type":"binary-expr","locations":[{"start":{"line":35,"column":27},"end":{"line":35,"column":45}},{"start":{"line":35,"column":49},"end":{"line":35,"column":51}}]},"6":{"loc":{"start":{"line":40,"column":4},"end":{"line":40,"column":39}},"type":"if","locations":[{"start":{"line":40,"column":4},"end":{"line":40,"column":39}},{"start":{},"end":{}}]},"7":{"loc":{"start":{"line":56,"column":4},"end":{"line":58,"column":5}},"type":"if","locations":[{"start":{"line":56,"column":4},"end":{"line":58,"column":5}},{"start":{},"end":{}}]},"8":{"loc":{"start":{"line":62,"column":17},"end":{"line":62,"column":39}},"type":"binary-expr","locations":[{"start":{"line":62,"column":17},"end":{"line":62,"column":33}},{"start":{"line":62,"column":37},"end":{"line":62,"column":39}}]},"9":{"loc":{"start":{"line":23,"column":28},"end":{"line":23,"column":null}},"type":"cond-expr","locations":[{"start":{"line":23,"column":48},"end":{"line":23,"column":null}},{"start":{"line":23,"column":48},"end":{"line":23,"column":null}}]},"10":{"loc":{"start":{"line":23,"column":28},"end":{"line":23,"column":48}},"type":"binary-expr","locations":[{"start":{"line":23,"column":28},"end":{"line":23,"column":null}},{"start":{"line":23,"column":28},"end":{"line":23,"column":48}}]},"11":{"loc":{"start":{"line":13,"column":36},"end":{"line":13,"column":59}},"type":"cond-expr","locations":[{"start":{"line":13,"column":46},"end":{"line":13,"column":59}},{"start":{"line":13,"column":46},"end":{"line":13,"column":59}}]},"12":{"loc":{"start":{"line":13,"column":36},"end":{"line":13,"column":46}},"type":"binary-expr","locations":[{"start":{"line":13,"column":36},"end":{"line":13,"column":59}},{"start":{"line":13,"column":36},"end":{"line":13,"column":46}}]},"13":{"loc":{"start":{"line":13,"column":46},"end":{"line":14,"column":null}},"type":"cond-expr","locations":[{"start":{"line":14,"column":59},"end":{"line":14,"column":null}},{"start":{"line":14,"column":59},"end":{"line":14,"column":null}}]},"14":{"loc":{"start":{"line":13,"column":46},"end":{"line":14,"column":59}},"type":"binary-expr","locations":[{"start":{"line":13,"column":46},"end":{"line":14,"column":null}},{"start":{"line":14,"column":40},"end":{"line":14,"column":59}}]}},"s":{"0":1,"1":1,"2":1,"3":1,"4":1,"5":1,"6":1,"7":1,"8":1,"9":0,"10":0,"11":0,"12":0,"13":0,"14":0,"15":0,"16":0,"17":0,"18":0,"19":0,"20":0,"21":0,"22":0,"23":0,"24":0,"25":0,"26":0,"27":0,"28":0,"29":0,"30":0,"31":0,"32":0,"33":0,"34":0,"35":0,"36":1,"37":1,"38":1,"39":1},"f":{"0":1,"1":0,"2":0,"3":0},"b":{"0":[0,0],"1":[0,0],"2":[0,0],"3":[0,0],"4":[0,0],"5":[0,0],"6":[0,0],"7":[0,0],"8":[0,0],"9":[1,0],"10":[1,1],"11":[1,0],"12":[1,1],"13":[1,0],"14":[1,1]}}
,"C:\\dev\\projects\\flutter_crm_simplified\\backend\\src\\appointments\\appointments.module.ts": {"path":"C:\\dev\\projects\\flutter_crm_simplified\\backend\\src\\appointments\\appointments.module.ts","statementMap":{"0":{"start":{"line":1,"column":0},"end":{"line":1,"column":40}},"1":{"start":{"line":2,"column":0},"end":{"line":2,"column":48}},"2":{"start":{"line":3,"column":0},"end":{"line":3,"column":67}},"3":{"start":{"line":4,"column":0},"end":{"line":4,"column":61}},"4":{"start":{"line":5,"column":0},"end":{"line":5,"column":66}},"5":{"start":{"line":6,"column":0},"end":{"line":6,"column":61}},"6":{"start":{"line":7,"column":0},"end":{"line":7,"column":66}},"7":{"start":{"line":8,"column":0},"end":{"line":8,"column":64}},"8":{"start":{"line":17,"column":7},"end":{"line":17,"column":null}},"9":{"start":{"line":17,"column":13},"end":{"line":17,"column":31}},"10":{"start":{"line":17,"column":13},"end":{"line":17,"column":null}}},"fnMap":{},"branchMap":{},"s":{"0":0,"1":0,"2":0,"3":0,"4":0,"5":0,"6":0,"7":0,"8":0,"9":0,"10":0},"f":{},"b":{}}
,"C:\\dev\\projects\\flutter_crm_simplified\\backend\\src\\appointments\\appointments.service.ts": {"path":"C:\\dev\\projects\\flutter_crm_simplified\\backend\\src\\appointments\\appointments.service.ts","statementMap":{"0":{"start":{"line":1,"column":0},"end":{"line":1,"column":44}},"1":{"start":{"line":2,"column":0},"end":{"line":2,"column":51}},"2":{"start":{"line":3,"column":0},"end":{"line":3,"column":37}},"3":{"start":{"line":4,"column":0},"end":{"line":4,"column":61}},"4":{"start":{"line":7,"column":7},"end":{"line":39,"column":null}},"5":{"start":{"line":10,"column":19},"end":{"line":10,"column":36}},"6":{"start":{"line":14,"column":2},"end":{"line":14,"column":37}},"7":{"start":{"line":18,"column":13},"end":{"line":20,"column":100}},"8":{"start":{"line":21,"column":16},"end":{"line":21,"column":33}},"9":{"start":{"line":22,"column":2},"end":{"line":22,"column":17}},"10":{"start":{"line":26,"column":22},"end":{"line":36,"column":4}},"11":{"start":{"line":37,"column":2},"end":{"line":37,"column":48}},"12":{"start":{"line":7,"column":13},"end":{"line":7,"column":32}},"13":{"start":{"line":7,"column":13},"end":{"line":39,"column":null}}},"fnMap":{"0":{"name":"(anonymous_4)","decl":{"start":{"line":8,"column":1},"end":{"line":8,"column":null}},"loc":{"start":{"line":10,"column":59},"end":{"line":11,"column":5}}},"1":{"name":"(anonymous_5)","decl":{"start":{"line":13,"column":1},"end":{"line":13,"column":6}},"loc":{"start":{"line":13,"column":13},"end":{"line":15,"column":2}}},"2":{"name":"(anonymous_6)","decl":{"start":{"line":17,"column":1},"end":{"line":17,"column":6}},"loc":{"start":{"line":17,"column":66},"end":{"line":23,"column":2}}},"3":{"name":"(anonymous_7)","decl":{"start":{"line":25,"column":1},"end":{"line":25,"column":6}},"loc":{"start":{"line":25,"column":204},"end":{"line":38,"column":2}}}},"branchMap":{"0":{"loc":{"start":{"line":28,"column":16},"end":{"line":28,"column":38}},"type":"binary-expr","locations":[{"start":{"line":28,"column":16},"end":{"line":28,"column":32}},{"start":{"line":28,"column":36},"end":{"line":28,"column":38}}]},"1":{"loc":{"start":{"line":30,"column":14},"end":{"line":30,"column":36}},"type":"binary-expr","locations":[{"start":{"line":30,"column":14},"end":{"line":30,"column":28}},{"start":{"line":30,"column":32},"end":{"line":30,"column":36}}]},"2":{"loc":{"start":{"line":31,"column":12},"end":{"line":31,"column":32}},"type":"binary-expr","locations":[{"start":{"line":31,"column":12},"end":{"line":31,"column":24}},{"start":{"line":31,"column":28},"end":{"line":31,"column":32}}]},"3":{"loc":{"start":{"line":32,"column":13},"end":{"line":32,"column":34}},"type":"binary-expr","locations":[{"start":{"line":32,"column":13},"end":{"line":32,"column":26}},{"start":{"line":32,"column":30},"end":{"line":32,"column":34}}]},"4":{"loc":{"start":{"line":34,"column":15},"end":{"line":34,"column":38}},"type":"binary-expr","locations":[{"start":{"line":34,"column":15},"end":{"line":34,"column":30}},{"start":{"line":34,"column":34},"end":{"line":34,"column":38}}]},"5":{"loc":{"start":{"line":35,"column":17},"end":{"line":35,"column":42}},"type":"binary-expr","locations":[{"start":{"line":35,"column":17},"end":{"line":35,"column":34}},{"start":{"line":35,"column":38},"end":{"line":35,"column":42}}]},"6":{"loc":{"start":{"line":10,"column":36},"end":{"line":10,"column":59}},"type":"cond-expr","locations":[{"start":{"line":10,"column":46},"end":{"line":10,"column":59}},{"start":{"line":10,"column":46},"end":{"line":10,"column":59}}]},"7":{"loc":{"start":{"line":10,"column":36},"end":{"line":10,"column":46}},"type":"binary-expr","locations":[{"start":{"line":10,"column":36},"end":{"line":10,"column":59}},{"start":{"line":10,"column":36},"end":{"line":10,"column":46}}]}},"s":{"0":6,"1":6,"2":6,"3":6,"4":6,"5":6,"6":0,"7":5,"8":5,"9":5,"10":1,"11":1,"12":6,"13":6},"f":{"0":6,"1":0,"2":5,"3":1},"b":{"0":[1,0],"1":[1,0],"2":[1,0],"3":[1,1],"4":[1,0],"5":[1,0],"6":[6,0],"7":[6,6]}}
,"C:\\dev\\projects\\flutter_crm_simplified\\backend\\src\\appointments\\dto\\create-appointment-from-ai.dto.ts": {"path":"C:\\dev\\projects\\flutter_crm_simplified\\backend\\src\\appointments\\dto\\create-appointment-from-ai.dto.ts","statementMap":{"0":{"start":{"line":1,"column":0},"end":{"line":1,"column":78}},"1":{"start":{"line":3,"column":0},"end":{"line":3,"column":13}},"2":{"start":{"line":5,"column":2},"end":{"line":5,"column":null}},"3":{"start":{"line":9,"column":2},"end":{"line":9,"column":null}},"4":{"start":{"line":13,"column":2},"end":{"line":13,"column":null}},"5":{"start":{"line":16,"column":2},"end":{"line":16,"column":19}},"6":{"start":{"line":21,"column":2},"end":{"line":21,"column":null}},"7":{"start":{"line":25,"column":2},"end":{"line":25,"column":null}},"8":{"start":{"line":29,"column":2},"end":{"line":29,"column":null}},"9":{"start":{"line":33,"column":2},"end":{"line":33,"column":22}}},"fnMap":{},"branchMap":{},"s":{"0":0,"1":0,"2":0,"3":0,"4":0,"5":0,"6":0,"7":0,"8":0,"9":0},"f":{},"b":{}}
,"C:\\dev\\projects\\flutter_crm_simplified\\backend\\src\\appointments\\dto\\create-appointment.dto.ts": {"path":"C:\\dev\\projects\\flutter_crm_simplified\\backend\\src\\appointments\\dto\\create-appointment.dto.ts","statementMap":{"0":{"start":{"line":1,"column":0},"end":{"line":1,"column":78}},"1":{"start":{"line":3,"column":0},"end":{"line":3,"column":13}},"2":{"start":{"line":5,"column":2},"end":{"line":5,"column":null}},"3":{"start":{"line":9,"column":2},"end":{"line":9,"column":null}},"4":{"start":{"line":12,"column":2},"end":{"line":12,"column":null}},"5":{"start":{"line":17,"column":2},"end":{"line":17,"column":null}},"6":{"start":{"line":21,"column":2},"end":{"line":21,"column":null}},"7":{"start":{"line":25,"column":2},"end":{"line":25,"column":null}},"8":{"start":{"line":29,"column":2},"end":{"line":29,"column":null}},"9":{"start":{"line":33,"column":2},"end":{"line":33,"column":null}},"10":{"start":{"line":37,"column":2},"end":{"line":37,"column":null}}},"fnMap":{},"branchMap":{},"s":{"0":1,"1":1,"2":1,"3":1,"4":1,"5":1,"6":1,"7":1,"8":1,"9":1,"10":1},"f":{},"b":{}}
,"C:\\dev\\projects\\flutter_crm_simplified\\backend\\src\\appointments\\entities\\appointments.entity.ts": {"path":"C:\\dev\\projects\\flutter_crm_simplified\\backend\\src\\appointments\\entities\\appointments.entity.ts","statementMap":{"0":{"start":{"line":1,"column":0},"end":{"line":1,"column":65}},"1":{"start":{"line":4,"column":7},"end":{"line":39,"column":null}},"2":{"start":{"line":4,"column":13},"end":{"line":4,"column":24}},"3":{"start":{"line":6,"column":4},"end":{"line":6,"column":null}},"4":{"start":{"line":9,"column":4},"end":{"line":9,"column":null}},"5":{"start":{"line":12,"column":4},"end":{"line":12,"column":null}},"6":{"start":{"line":16,"column":4},"end":{"line":16,"column":null}},"7":{"start":{"line":19,"column":4},"end":{"line":19,"column":null}},"8":{"start":{"line":22,"column":4},"end":{"line":22,"column":null}},"9":{"start":{"line":25,"column":4},"end":{"line":25,"column":null}},"10":{"start":{"line":29,"column":4},"end":{"line":29,"column":null}},"11":{"start":{"line":32,"column":4},"end":{"line":32,"column":null}},"12":{"start":{"line":35,"column":4},"end":{"line":35,"column":null}},"13":{"start":{"line":38,"column":4},"end":{"line":38,"column":null}},"14":{"start":{"line":37,"column":48},"end":{"line":37,"column":67}},"15":{"start":{"line":4,"column":13},"end":{"line":39,"column":null}}},"fnMap":{"0":{"name":"(anonymous_2)","decl":{"start":{"line":37,"column":42},"end":{"line":37,"column":45}},"loc":{"start":{"line":37,"column":48},"end":{"line":37,"column":67}}}},"branchMap":{"0":{"loc":{"start":{"line":16,"column":21},"end":{"line":16,"column":26}},"type":"cond-expr","locations":[{"start":{"line":16,"column":25},"end":{"line":16,"column":26}},{"start":{"line":16,"column":25},"end":{"line":16,"column":26}}]},"1":{"loc":{"start":{"line":16,"column":21},"end":{"line":16,"column":25}},"type":"binary-expr","locations":[{"start":{"line":16,"column":21},"end":{"line":16,"column":26}},{"start":{"line":16,"column":21},"end":{"line":16,"column":25}}]},"2":{"loc":{"start":{"line":38,"column":15},"end":{"line":38,"column":20}},"type":"cond-expr","locations":[{"start":{"line":38,"column":19},"end":{"line":38,"column":20}},{"start":{"line":38,"column":19},"end":{"line":38,"column":20}}]},"3":{"loc":{"start":{"line":38,"column":15},"end":{"line":38,"column":19}},"type":"binary-expr","locations":[{"start":{"line":38,"column":15},"end":{"line":38,"column":20}},{"start":{"line":38,"column":15},"end":{"line":38,"column":19}}]}},"s":{"0":6,"1":6,"2":6,"3":6,"4":6,"5":6,"6":6,"7":6,"8":6,"9":6,"10":6,"11":6,"12":6,"13":6,"14":0,"15":6},"f":{"0":0},"b":{"0":[6,0],"1":[6,6],"2":[6,0],"3":[6,6]}}
,"C:\\dev\\projects\\flutter_crm_simplified\\backend\\src\\audit\\audit.module.ts": {"path":"C:\\dev\\projects\\flutter_crm_simplified\\backend\\src\\audit\\audit.module.ts","statementMap":{"0":{"start":{"line":1,"column":0},"end":{"line":1,"column":40}},"1":{"start":{"line":2,"column":0},"end":{"line":2,"column":64}},"2":{"start":{"line":3,"column":0},"end":{"line":3,"column":70}},"3":{"start":{"line":9,"column":7},"end":{"line":9,"column":null}},"4":{"start":{"line":9,"column":13},"end":{"line":9,"column":24}},"5":{"start":{"line":9,"column":13},"end":{"line":9,"column":null}}},"fnMap":{},"branchMap":{},"s":{"0":0,"1":0,"2":0,"3":0,"4":0,"5":0},"f":{},"b":{}}
,"C:\\dev\\projects\\flutter_crm_simplified\\backend\\src\\audit\\audit-log\\audit-log.controller.ts": {"path":"C:\\dev\\projects\\flutter_crm_simplified\\backend\\src\\audit\\audit-log\\audit-log.controller.ts","statementMap":{"0":{"start":{"line":1,"column":0},"end":{"line":1,"column":44}},"1":{"start":{"line":4,"column":7},"end":{"line":4,"column":null}},"2":{"start":{"line":4,"column":13},"end":{"line":4,"column":31}},"3":{"start":{"line":4,"column":13},"end":{"line":4,"column":null}}},"fnMap":{},"branchMap":{},"s":{"0":1,"1":1,"2":1,"3":1},"f":{},"b":{}}
,"C:\\dev\\projects\\flutter_crm_simplified\\backend\\src\\audit\\audit-log\\audit-log.service.ts": {"path":"C:\\dev\\projects\\flutter_crm_simplified\\backend\\src\\audit\\audit-log\\audit-log.service.ts","statementMap":{"0":{"start":{"line":1,"column":0},"end":{"line":1,"column":44}},"1":{"start":{"line":4,"column":7},"end":{"line":4,"column":null}},"2":{"start":{"line":4,"column":13},"end":{"line":4,"column":28}},"3":{"start":{"line":4,"column":13},"end":{"line":4,"column":null}}},"fnMap":{},"branchMap":{},"s":{"0":1,"1":1,"2":1,"3":1},"f":{},"b":{}}
,"C:\\dev\\projects\\flutter_crm_simplified\\backend\\src\\auth\\auth.controller.ts": {"path":"C:\\dev\\projects\\flutter_crm_simplified\\backend\\src\\auth\\auth.controller.ts","statementMap":{"0":{"start":{"line":1,"column":0},"end":{"line":1,"column":96}},"1":{"start":{"line":2,"column":0},"end":{"line":2,"column":45}},"2":{"start":{"line":6,"column":7},"end":{"line":38,"column":null}},"3":{"start":{"line":7,"column":31},"end":{"line":7,"column":44}},"4":{"start":{"line":11,"column":23},"end":{"line":11,"column":48}},"5":{"start":{"line":12,"column":4},"end":{"line":14,"column":5}},"6":{"start":{"line":13,"column":6},"end":{"line":13,"column":64}},"7":{"start":{"line":15,"column":20},"end":{"line":15,"column":53}},"8":{"start":{"line":16,"column":4},"end":{"line":16,"column":94}},"9":{"start":{"line":21,"column":23},"end":{"line":21,"column":48}},"10":{"start":{"line":22,"column":4},"end":{"line":24,"column":5}},"11":{"start":{"line":23,"column":6},"end":{"line":23,"column":64}},"12":{"start":{"line":25,"column":20},"end":{"line":25,"column":53}},"13":{"start":{"line":26,"column":4},"end":{"line":26,"column":57}},"14":{"start":{"line":31,"column":4},"end":{"line":33,"column":5}},"15":{"start":{"line":32,"column":6},"end":{"line":32,"column":74}},"16":{"start":{"line":34,"column":4},"end":{"line":34,"column":65}},"17":{"start":{"line":6,"column":13},"end":{"line":6,"column":27}},"18":{"start":{"line":10,"column":8},"end":{"line":17,"column":null}},"19":{"start":{"line":20,"column":8},"end":{"line":27,"column":null}},"20":{"start":{"line":30,"column":8},"end":{"line":35,"column":null}},"21":{"start":{"line":6,"column":13},"end":{"line":38,"column":null}}},"fnMap":{"0":{"name":"(anonymous_4)","decl":{"start":{"line":7,"column":2},"end":{"line":7,"column":31}},"loc":{"start":{"line":7,"column":55},"end":{"line":7,"column":59}}},"1":{"name":"(anonymous_5)","decl":{"start":{"line":10,"column":8},"end":{"line":10,"column":24}},"loc":{"start":{"line":10,"column":102},"end":{"line":17,"column":3}}},"2":{"name":"(anonymous_6)","decl":{"start":{"line":20,"column":8},"end":{"line":20,"column":21}},"loc":{"start":{"line":20,"column":32},"end":{"line":27,"column":3}}},"3":{"name":"(anonymous_7)","decl":{"start":{"line":30,"column":8},"end":{"line":30,"column":32}},"loc":{"start":{"line":30,"column":60},"end":{"line":35,"column":3}}}},"branchMap":{"0":{"loc":{"start":{"line":12,"column":4},"end":{"line":14,"column":5}},"type":"if","locations":[{"start":{"line":12,"column":4},"end":{"line":14,"column":5}},{"start":{},"end":{}}]},"1":{"loc":{"start":{"line":12,"column":8},"end":{"line":12,"column":56}},"type":"binary-expr","locations":[{"start":{"line":12,"column":8},"end":{"line":12,"column":19}},{"start":{"line":12,"column":23},"end":{"line":12,"column":56}}]},"2":{"loc":{"start":{"line":22,"column":4},"end":{"line":24,"column":5}},"type":"if","locations":[{"start":{"line":22,"column":4},"end":{"line":24,"column":5}},{"start":{},"end":{}}]},"3":{"loc":{"start":{"line":22,"column":8},"end":{"line":22,"column":56}},"type":"binary-expr","locations":[{"start":{"line":22,"column":8},"end":{"line":22,"column":19}},{"start":{"line":22,"column":23},"end":{"line":22,"column":56}}]},"4":{"loc":{"start":{"line":31,"column":4},"end":{"line":33,"column":5}},"type":"if","locations":[{"start":{"line":31,"column":4},"end":{"line":33,"column":5}},{"start":{},"end":{}}]},"5":{"loc":{"start":{"line":7,"column":44},"end":{"line":7,"column":58}},"type":"cond-expr","locations":[{"start":{"line":7,"column":55},"end":{"line":7,"column":58}},{"start":{"line":7,"column":55},"end":{"line":7,"column":58}}]},"6":{"loc":{"start":{"line":7,"column":44},"end":{"line":7,"column":55}},"type":"binary-expr","locations":[{"start":{"line":7,"column":44},"end":{"line":7,"column":58}},{"start":{"line":7,"column":44},"end":{"line":7,"column":55}}]}},"s":{"0":1,"1":1,"2":1,"3":1,"4":0,"5":0,"6":0,"7":0,"8":0,"9":0,"10":0,"11":0,"12":0,"13":0,"14":0,"15":0,"16":0,"17":1,"18":1,"19":1,"20":1,"21":1},"f":{"0":1,"1":0,"2":0,"3":0},"b":{"0":[0,0],"1":[0,0],"2":[0,0],"3":[0,0],"4":[0,0],"5":[1,0],"6":[1,1]}}
,"C:\\dev\\projects\\flutter_crm_simplified\\backend\\src\\auth\\auth.guard.ts": {"path":"C:\\dev\\projects\\flutter_crm_simplified\\backend\\src\\auth\\auth.guard.ts","statementMap":{"0":{"start":{"line":1,"column":0},"end":{"line":1,"column":98}},"1":{"start":{"line":3,"column":0},"end":{"line":3,"column":40}},"2":{"start":{"line":10,"column":7},"end":{"line":35,"column":null}},"3":{"start":{"line":12,"column":20},"end":{"line":12,"column":68}},"4":{"start":{"line":13,"column":18},"end":{"line":13,"column":54}},"5":{"start":{"line":15,"column":4},"end":{"line":17,"column":5}},"6":{"start":{"line":16,"column":6},"end":{"line":16,"column":59}},"7":{"start":{"line":19,"column":4},"end":{"line":25,"column":5}},"8":{"start":{"line":20,"column":27},"end":{"line":20,"column":66}},"9":{"start":{"line":21,"column":6},"end":{"line":21,"column":34}},"10":{"start":{"line":22,"column":6},"end":{"line":22,"column":18}},"11":{"start":{"line":24,"column":6},"end":{"line":24,"column":55}},"12":{"start":{"line":29,"column":23},"end":{"line":29,"column":52}},"13":{"start":{"line":30,"column":4},"end":{"line":30,"column":38}},"14":{"start":{"line":30,"column":21},"end":{"line":30,"column":38}},"15":{"start":{"line":32,"column":26},"end":{"line":32,"column":47}},"16":{"start":{"line":33,"column":4},"end":{"line":33,"column":49}},"17":{"start":{"line":10,"column":13},"end":{"line":10,"column":22}},"18":{"start":{"line":10,"column":13},"end":{"line":35,"column":null}}},"fnMap":{"0":{"name":"(anonymous_10)","decl":{"start":{"line":11,"column":2},"end":{"line":11,"column":7}},"loc":{"start":{"line":11,"column":45},"end":{"line":26,"column":3}}},"1":{"name":"(anonymous_11)","decl":{"start":{"line":28,"column":10},"end":{"line":28,"column":32}},"loc":{"start":{"line":28,"column":49},"end":{"line":34,"column":3}}}},"branchMap":{"0":{"loc":{"start":{"line":15,"column":4},"end":{"line":17,"column":5}},"type":"if","locations":[{"start":{"line":15,"column":4},"end":{"line":17,"column":5}},{"start":{},"end":{}}]},"1":{"loc":{"start":{"line":30,"column":4},"end":{"line":30,"column":38}},"type":"if","locations":[{"start":{"line":30,"column":4},"end":{"line":30,"column":38}},{"start":{},"end":{}}]},"2":{"loc":{"start":{"line":33,"column":11},"end":{"line":33,"column":48}},"type":"cond-expr","locations":[{"start":{"line":33,"column":31},"end":{"line":33,"column":36}},{"start":{"line":33,"column":39},"end":{"line":33,"column":48}}]}},"s":{"0":0,"1":0,"2":0,"3":0,"4":0,"5":0,"6":0,"7":0,"8":0,"9":0,"10":0,"11":0,"12":0,"13":0,"14":0,"15":0,"16":0,"17":0,"18":0},"f":{"0":0,"1":0},"b":{"0":[0,0],"1":[0,0],"2":[0,0]}}
,"C:\\dev\\projects\\flutter_crm_simplified\\backend\\src\\auth\\auth.module.ts": {"path":"C:\\dev\\projects\\flutter_crm_simplified\\backend\\src\\auth\\auth.module.ts","statementMap":{"0":{"start":{"line":1,"column":0},"end":{"line":1,"column":40}},"1":{"start":{"line":2,"column":0},"end":{"line":2,"column":48}},"2":{"start":{"line":4,"column":0},"end":{"line":4,"column":45}},"3":{"start":{"line":5,"column":0},"end":{"line":5,"column":51}},"4":{"start":{"line":6,"column":0},"end":{"line":6,"column":54}},"5":{"start":{"line":7,"column":0},"end":{"line":7,"column":73}},"6":{"start":{"line":18,"column":7},"end":{"line":18,"column":null}},"7":{"start":{"line":18,"column":13},"end":{"line":18,"column":23}},"8":{"start":{"line":18,"column":13},"end":{"line":18,"column":null}}},"fnMap":{},"branchMap":{},"s":{"0":0,"1":0,"2":0,"3":0,"4":0,"5":0,"6":0,"7":0,"8":0},"f":{},"b":{}}
,"C:\\dev\\projects\\flutter_crm_simplified\\backend\\src\\auth\\auth.service.ts": {"path":"C:\\dev\\projects\\flutter_crm_simplified\\backend\\src\\auth\\auth.service.ts","statementMap":{"0":{"start":{"line":1,"column":0},"end":{"line":1,"column":67}},"1":{"start":{"line":2,"column":0},"end":{"line":2,"column":51}},"2":{"start":{"line":3,"column":0},"end":{"line":3,"column":37}},"3":{"start":{"line":4,"column":0},"end":{"line":4,"column":54}},"4":{"start":{"line":5,"column":0},"end":{"line":5,"column":75}},"5":{"start":{"line":6,"column":0},"end":{"line":6,"column":33}},"6":{"start":{"line":7,"column":0},"end":{"line":7,"column":40}},"7":{"start":{"line":10,"column":7},"end":{"line":83,"column":null}},"8":{"start":{"line":13,"column":21},"end":{"line":13,"column":31}},"9":{"start":{"line":14,"column":21},"end":{"line":14,"column":42}},"10":{"start":{"line":19,"column":4},"end":{"line":23,"column":5}},"11":{"start":{"line":20,"column":6},"end":{"line":20,"column":58}},"12":{"start":{"line":22,"column":6},"end":{"line":22,"column":64}},"13":{"start":{"line":25,"column":4},"end":{"line":27,"column":5}},"14":{"start":{"line":26,"column":6},"end":{"line":26,"column":80}},"15":{"start":{"line":29,"column":15},"end":{"line":31,"column":6}},"16":{"start":{"line":33,"column":4},"end":{"line":45,"column":5}},"17":{"start":{"line":34,"column":6},"end":{"line":38,"column":9}},"18":{"start":{"line":39,"column":6},"end":{"line":39,"column":37}},"19":{"start":{"line":42,"column":6},"end":{"line":44,"column":7}},"20":{"start":{"line":43,"column":8},"end":{"line":43,"column":87}},"21":{"start":{"line":47,"column":2},"end":{"line":47,"column":14}},"22":{"start":{"line":52,"column":4},"end":{"line":56,"column":5}},"23":{"start":{"line":53,"column":6},"end":{"line":53,"column":58}},"24":{"start":{"line":55,"column":6},"end":{"line":55,"column":64}},"25":{"start":{"line":58,"column":15},"end":{"line":60,"column":6}},"26":{"start":{"line":62,"column":4},"end":{"line":69,"column":5}},"27":{"start":{"line":63,"column":6},"end":{"line":67,"column":9}},"28":{"start":{"line":68,"column":6},"end":{"line":68,"column":37}},"29":{"start":{"line":71,"column":2},"end":{"line":71,"column":14}},"30":{"start":{"line":75,"column":29},"end":{"line":75,"column":90}},"31":{"start":{"line":76,"column":4},"end":{"line":80,"column":6}},"32":{"start":{"line":10,"column":13},"end":{"line":10,"column":24}},"33":{"start":{"line":10,"column":13},"end":{"line":83,"column":null}}},"fnMap":{"0":{"name":"(anonymous_13)","decl":{"start":{"line":11,"column":2},"end":{"line":11,"column":null}},"loc":{"start":{"line":14,"column":61},"end":{"line":15,"column":6}}},"1":{"name":"(anonymous_14)","decl":{"start":{"line":17,"column":2},"end":{"line":17,"column":7}},"loc":{"start":{"line":17,"column":82},"end":{"line":48,"column":3}}},"2":{"name":"(anonymous_15)","decl":{"start":{"line":50,"column":2},"end":{"line":50,"column":7}},"loc":{"start":{"line":50,"column":37},"end":{"line":72,"column":3}}},"3":{"name":"(anonymous_16)","decl":{"start":{"line":74,"column":2},"end":{"line":74,"column":7}},"loc":{"start":{"line":74,"column":45},"end":{"line":81,"column":3}}}},"branchMap":{"0":{"loc":{"start":{"line":25,"column":4},"end":{"line":27,"column":5}},"type":"if","locations":[{"start":{"line":25,"column":4},"end":{"line":27,"column":5}},{"start":{},"end":{}}]},"1":{"loc":{"start":{"line":33,"column":4},"end":{"line":45,"column":5}},"type":"if","locations":[{"start":{"line":33,"column":4},"end":{"line":45,"column":5}},{"start":{},"end":{}}]},"2":{"loc":{"start":{"line":36,"column":14},"end":{"line":36,"column":40}},"type":"binary-expr","locations":[{"start":{"line":36,"column":14},"end":{"line":36,"column":18}},{"start":{"line":36,"column":22},"end":{"line":36,"column":34}},{"start":{"line":36,"column":38},"end":{"line":36,"column":40}}]},"3":{"loc":{"start":{"line":42,"column":6},"end":{"line":44,"column":7}},"type":"if","locations":[{"start":{"line":42,"column":6},"end":{"line":44,"column":7}},{"start":{},"end":{}}]},"4":{"loc":{"start":{"line":62,"column":4},"end":{"line":69,"column":5}},"type":"if","locations":[{"start":{"line":62,"column":4},"end":{"line":69,"column":5}},{"start":{},"end":{}}]},"5":{"loc":{"start":{"line":65,"column":14},"end":{"line":65,"column":32}},"type":"binary-expr","locations":[{"start":{"line":65,"column":14},"end":{"line":65,"column":26}},{"start":{"line":65,"column":30},"end":{"line":65,"column":32}}]},"6":{"loc":{"start":{"line":13,"column":31},"end":{"line":13,"column":47}},"type":"cond-expr","locations":[{"start":{"line":13,"column":41},"end":{"line":13,"column":47}},{"start":{"line":13,"column":41},"end":{"line":13,"column":47}}]},"7":{"loc":{"start":{"line":13,"column":31},"end":{"line":13,"column":41}},"type":"binary-expr","locations":[{"start":{"line":13,"column":31},"end":{"line":13,"column":47}},{"start":{"line":13,"column":31},"end":{"line":13,"column":41}}]},"8":{"loc":{"start":{"line":13,"column":41},"end":{"line":14,"column":null}},"type":"cond-expr","locations":[{"start":{"line":14,"column":61},"end":{"line":14,"column":null}},{"start":{"line":14,"column":61},"end":{"line":14,"column":null}}]},"9":{"loc":{"start":{"line":13,"column":41},"end":{"line":14,"column":61}},"type":"binary-expr","locations":[{"start":{"line":13,"column":41},"end":{"line":14,"column":null}},{"start":{"line":14,"column":42},"end":{"line":14,"column":61}}]}},"s":{"0":2,"1":2,"2":2,"3":2,"4":2,"5":2,"6":2,"7":2,"8":7,"9":7,"10":3,"11":3,"12":1,"13":2,"14":0,"15":2,"16":2,"17":1,"18":1,"19":1,"20":0,"21":2,"22":2,"23":2,"24":1,"25":1,"26":1,"27":0,"28":0,"29":1,"30":1,"31":1,"32":2,"33":2},"f":{"0":7,"1":3,"2":2,"3":1},"b":{"0":[0,2],"1":[1,1],"2":[1,0,0],"3":[0,1],"4":[0,1],"5":[0,0],"6":[2,0],"7":[2,2],"8":[2,0],"9":[2,2]}}
,"C:\\dev\\projects\\flutter_crm_simplified\\backend\\src\\auth\\dto\\firebase-register.dto.ts": {"path":"C:\\dev\\projects\\flutter_crm_simplified\\backend\\src\\auth\\dto\\firebase-register.dto.ts","statementMap":{"0":{"start":{"line":1,"column":0},"end":{"line":1,"column":55}},"1":{"start":{"line":3,"column":0},"end":{"line":3,"column":13}},"2":{"start":{"line":6,"column":2},"end":{"line":6,"column":null}}},"fnMap":{},"branchMap":{},"s":{"0":0,"1":0,"2":0},"f":{},"b":{}}
,"C:\\dev\\projects\\flutter_crm_simplified\\backend\\src\\chat\\chat.controller.ts": {"path":"C:\\dev\\projects\\flutter_crm_simplified\\backend\\src\\chat\\chat.controller.ts","statementMap":{"0":{"start":{"line":1,"column":0},"end":{"line":1,"column":75}},"1":{"start":{"line":2,"column":0},"end":{"line":2,"column":51}},"2":{"start":{"line":3,"column":0},"end":{"line":3,"column":37}},"3":{"start":{"line":4,"column":0},"end":{"line":4,"column":36}},"4":{"start":{"line":5,"column":0},"end":{"line":5,"column":69}},"5":{"start":{"line":6,"column":0},"end":{"line":6,"column":66}},"6":{"start":{"line":7,"column":0},"end":{"line":7,"column":70}},"7":{"start":{"line":8,"column":0},"end":{"line":8,"column":70}},"8":{"start":{"line":9,"column":0},"end":{"line":9,"column":59}},"9":{"start":{"line":12,"column":7},"end":{"line":89,"column":null}},"10":{"start":{"line":15,"column":12},"end":{"line":15,"column":30}},"11":{"start":{"line":18,"column":12},"end":{"line":18,"column":25}},"12":{"start":{"line":19,"column":21},"end":{"line":19,"column":40}},"13":{"start":{"line":27,"column":17},"end":{"line":27,"column":75}},"14":{"start":{"line":28,"column":4},"end":{"line":30,"column":5}},"15":{"start":{"line":29,"column":6},"end":{"line":29,"column":49}},"16":{"start":{"line":31,"column":4},"end":{"line":33,"column":5}},"17":{"start":{"line":32,"column":6},"end":{"line":32,"column":44}},"18":{"start":{"line":34,"column":4},"end":{"line":38,"column":5}},"19":{"start":{"line":35,"column":6},"end":{"line":35,"column":44}},"20":{"start":{"line":36,"column":11},"end":{"line":38,"column":5}},"21":{"start":{"line":37,"column":6},"end":{"line":37,"column":45}},"22":{"start":{"line":39,"column":4},"end":{"line":39,"column":43}},"23":{"start":{"line":40,"column":4},"end":{"line":40,"column":95}},"24":{"start":{"line":45,"column":17},"end":{"line":45,"column":75}},"25":{"start":{"line":46,"column":4},"end":{"line":46,"column":58}},"26":{"start":{"line":46,"column":15},"end":{"line":46,"column":58}},"27":{"start":{"line":47,"column":4},"end":{"line":47,"column":102}},"28":{"start":{"line":52,"column":4},"end":{"line":78,"column":5}},"29":{"start":{"line":53,"column":21},"end":{"line":53,"column":29}},"30":{"start":{"line":54,"column":22},"end":{"line":54,"column":73}},"31":{"start":{"line":56,"column":19},"end":{"line":56,"column":150}},"32":{"start":{"line":58,"column":19},"end":{"line":61,"column":8}},"33":{"start":{"line":63,"column":20},"end":{"line":63,"column":58}},"34":{"start":{"line":65,"column":6},"end":{"line":68,"column":7}},"35":{"start":{"line":66,"column":8},"end":{"line":66,"column":39}},"36":{"start":{"line":67,"column":8},"end":{"line":67,"column":48}},"37":{"start":{"line":70,"column":6},"end":{"line":74,"column":8}},"38":{"start":{"line":76,"column":6},"end":{"line":76,"column":85}},"39":{"start":{"line":77,"column":6},"end":{"line":77,"column":94}},"40":{"start":{"line":83,"column":4},"end":{"line":87,"column":7}},"41":{"start":{"line":12,"column":13},"end":{"line":12,"column":27}},"42":{"start":{"line":23,"column":8},"end":{"line":41,"column":null}},"43":{"start":{"line":44,"column":8},"end":{"line":48,"column":null}},"44":{"start":{"line":51,"column":8},"end":{"line":79,"column":null}},"45":{"start":{"line":82,"column":8},"end":{"line":88,"column":null}},"46":{"start":{"line":12,"column":13},"end":{"line":89,"column":null}}},"fnMap":{"0":{"name":"(anonymous_4)","decl":{"start":{"line":13,"column":2},"end":{"line":13,"column":null}},"loc":{"start":{"line":19,"column":56},"end":{"line":20,"column":6}}},"1":{"name":"(anonymous_5)","decl":{"start":{"line":23,"column":8},"end":{"line":23,"column":26}},"loc":{"start":{"line":25,"column":39},"end":{"line":41,"column":3}}},"2":{"name":"(anonymous_6)","decl":{"start":{"line":44,"column":8},"end":{"line":44,"column":23}},"loc":{"start":{"line":44,"column":55},"end":{"line":48,"column":3}}},"3":{"name":"(anonymous_7)","decl":{"start":{"line":51,"column":8},"end":{"line":51,"column":26}},"loc":{"start":{"line":51,"column":61},"end":{"line":79,"column":3}}},"4":{"name":"(anonymous_8)","decl":{"start":{"line":82,"column":8},"end":{"line":82,"column":18}},"loc":{"start":{"line":82,"column":50},"end":{"line":88,"column":3}}}},"branchMap":{"0":{"loc":{"start":{"line":28,"column":4},"end":{"line":30,"column":5}},"type":"if","locations":[{"start":{"line":28,"column":4},"end":{"line":30,"column":5}},{"start":{},"end":{}}]},"1":{"loc":{"start":{"line":31,"column":4},"end":{"line":33,"column":5}},"type":"if","locations":[{"start":{"line":31,"column":4},"end":{"line":33,"column":5}},{"start":{},"end":{}}]},"2":{"loc":{"start":{"line":34,"column":4},"end":{"line":38,"column":5}},"type":"if","locations":[{"start":{"line":34,"column":4},"end":{"line":38,"column":5}},{"start":{"line":36,"column":11},"end":{"line":38,"column":5}}]},"3":{"loc":{"start":{"line":36,"column":11},"end":{"line":38,"column":5}},"type":"if","locations":[{"start":{"line":36,"column":11},"end":{"line":38,"column":5}},{"start":{},"end":{}}]},"4":{"loc":{"start":{"line":46,"column":4},"end":{"line":46,"column":58}},"type":"if","locations":[{"start":{"line":46,"column":4},"end":{"line":46,"column":58}},{"start":{},"end":{}}]},"5":{"loc":{"start":{"line":54,"column":22},"end":{"line":54,"column":73}},"type":"binary-expr","locations":[{"start":{"line":54,"column":22},"end":{"line":54,"column":46}},{"start":{"line":54,"column":50},"end":{"line":54,"column":73}}]},"6":{"loc":{"start":{"line":56,"column":26},"end":{"line":56,"column":149}},"type":"cond-expr","locations":[{"start":{"line":56,"column":50},"end":{"line":56,"column":142}},{"start":{"line":56,"column":145},"end":{"line":56,"column":149}}]},"7":{"loc":{"start":{"line":60,"column":22},"end":{"line":60,"column":81}},"type":"binary-expr","locations":[{"start":{"line":60,"column":22},"end":{"line":60,"column":39}},{"start":{"line":60,"column":44},"end":{"line":60,"column":80}}]},"8":{"loc":{"start":{"line":60,"column":44},"end":{"line":60,"column":80}},"type":"cond-expr","locations":[{"start":{"line":60,"column":55},"end":{"line":60,"column":68}},{"start":{"line":60,"column":71},"end":{"line":60,"column":80}}]},"9":{"loc":{"start":{"line":65,"column":6},"end":{"line":68,"column":7}},"type":"if","locations":[{"start":{"line":65,"column":6},"end":{"line":68,"column":7}},{"start":{},"end":{}}]},"10":{"loc":{"start":{"line":65,"column":10},"end":{"line":65,"column":33}},"type":"binary-expr","locations":[{"start":{"line":65,"column":10},"end":{"line":65,"column":18}},{"start":{"line":65,"column":22},"end":{"line":65,"column":33}}]},"11":{"loc":{"start":{"line":73,"column":20},"end":{"line":73,"column":54}},"type":"cond-expr","locations":[{"start":{"line":73,"column":31},"end":{"line":73,"column":42}},{"start":{"line":73,"column":45},"end":{"line":73,"column":54}}]},"12":{"loc":{"start":{"line":76,"column":49},"end":{"line":76,"column":83}},"type":"cond-expr","locations":[{"start":{"line":76,"column":68},"end":{"line":76,"column":77}},{"start":{"line":76,"column":80},"end":{"line":76,"column":83}}]},"13":{"loc":{"start":{"line":76,"column":49},"end":{"line":76,"column":65}},"type":"binary-expr","locations":[{"start":{"line":76,"column":49},"end":{"line":76,"column":52}},{"start":{"line":76,"column":56},"end":{"line":76,"column":65}}]},"14":{"loc":{"start":{"line":77,"column":64},"end":{"line":77,"column":91}},"type":"binary-expr","locations":[{"start":{"line":77,"column":64},"end":{"line":77,"column":76}},{"start":{"line":77,"column":80},"end":{"line":77,"column":91}}]},"15":{"loc":{"start":{"line":25,"column":18},"end":{"line":25,"column":null}},"type":"cond-expr","locations":[{"start":{"line":25,"column":39},"end":{"line":25,"column":null}},{"start":{"line":25,"column":39},"end":{"line":25,"column":null}}]},"16":{"loc":{"start":{"line":25,"column":18},"end":{"line":25,"column":39}},"type":"binary-expr","locations":[{"start":{"line":25,"column":18},"end":{"line":25,"column":null}},{"start":{"line":25,"column":18},"end":{"line":25,"column":39}}]},"17":{"loc":{"start":{"line":51,"column":40},"end":{"line":51,"column":null}},"type":"cond-expr","locations":[{"start":{"line":51,"column":61},"end":{"line":51,"column":null}},{"start":{"line":51,"column":61},"end":{"line":51,"column":null}}]},"18":{"loc":{"start":{"line":51,"column":40},"end":{"line":51,"column":61}},"type":"binary-expr","locations":[{"start":{"line":51,"column":40},"end":{"line":51,"column":null}},{"start":{"line":51,"column":40},"end":{"line":51,"column":61}}]},"19":{"loc":{"start":{"line":15,"column":30},"end":{"line":15,"column":54}},"type":"cond-expr","locations":[{"start":{"line":15,"column":40},"end":{"line":15,"column":54}},{"start":{"line":15,"column":40},"end":{"line":15,"column":54}}]},"20":{"loc":{"start":{"line":15,"column":30},"end":{"line":15,"column":40}},"type":"binary-expr","locations":[{"start":{"line":15,"column":30},"end":{"line":15,"column":54}},{"start":{"line":15,"column":30},"end":{"line":15,"column":40}}]},"21":{"loc":{"start":{"line":15,"column":40},"end":{"line":18,"column":44}},"type":"cond-expr","locations":[{"start":{"line":18,"column":35},"end":{"line":18,"column":44}},{"start":{"line":18,"column":35},"end":{"line":18,"column":44}}]},"22":{"loc":{"start":{"line":15,"column":40},"end":{"line":18,"column":35}},"type":"binary-expr","locations":[{"start":{"line":15,"column":40},"end":{"line":18,"column":44}},{"start":{"line":18,"column":25},"end":{"line":18,"column":35}}]},"23":{"loc":{"start":{"line":18,"column":35},"end":{"line":19,"column":null}},"type":"cond-expr","locations":[{"start":{"line":19,"column":56},"end":{"line":19,"column":null}},{"start":{"line":19,"column":56},"end":{"line":19,"column":null}}]},"24":{"loc":{"start":{"line":18,"column":35},"end":{"line":19,"column":56}},"type":"binary-expr","locations":[{"start":{"line":18,"column":35},"end":{"line":19,"column":null}},{"start":{"line":19,"column":40},"end":{"line":19,"column":56}}]}},"s":{"0":1,"1":1,"2":1,"3":1,"4":1,"5":1,"6":1,"7":1,"8":1,"9":1,"10":5,"11":5,"12":5,"13":2,"14":2,"15":1,"16":1,"17":1,"18":1,"19":1,"20":0,"21":0,"22":1,"23":1,"24":0,"25":0,"26":0,"27":0,"28":1,"29":1,"30":1,"31":1,"32":1,"33":1,"34":1,"35":0,"36":0,"37":1,"38":0,"39":0,"40":1,"41":1,"42":1,"43":1,"44":1,"45":1,"46":1},"f":{"0":5,"1":2,"2":0,"3":1,"4":1},"b":{"0":[1,1],"1":[1,0],"2":[1,0],"3":[0,0],"4":[0,0],"5":[1,1],"6":[1,0],"7":[1,0],"8":[0,0],"9":[0,1],"10":[1,0],"11":[0,1],"12":[0,0],"13":[0,0],"14":[0,0],"15":[1,0],"16":[1,1],"17":[1,0],"18":[1,1],"19":[1,0],"20":[1,1],"21":[1,0],"22":[1,1],"23":[1,0],"24":[1,1]}}
,"C:\\dev\\projects\\flutter_crm_simplified\\backend\\src\\chat\\chat.gateway.ts": {"path":"C:\\dev\\projects\\flutter_crm_simplified\\backend\\src\\chat\\chat.gateway.ts","statementMap":{"0":{"start":{"line":2,"column":0},"end":{"line":2,"column":119}},"1":{"start":{"line":3,"column":0},"end":{"line":3,"column":43}},"2":{"start":{"line":4,"column":0},"end":{"line":4,"column":45}},"3":{"start":{"line":5,"column":0},"end":{"line":5,"column":63}},"4":{"start":{"line":6,"column":0},"end":{"line":6,"column":37}},"5":{"start":{"line":7,"column":0},"end":{"line":7,"column":51}},"6":{"start":{"line":8,"column":0},"end":{"line":8,"column":64}},"7":{"start":{"line":11,"column":7},"end":{"line":109,"column":null}},"8":{"start":{"line":18,"column":4},"end":{"line":22,"column":7}},"9":{"start":{"line":28,"column":21},"end":{"line":28,"column":34}},"10":{"start":{"line":30,"column":21},"end":{"line":30,"column":39}},"11":{"start":{"line":31,"column":21},"end":{"line":31,"column":36}},"12":{"start":{"line":39,"column":4},"end":{"line":44,"column":5}},"13":{"start":{"line":40,"column":18},"end":{"line":40,"column":115}},"14":{"start":{"line":41,"column":6},"end":{"line":41,"column":76}},"15":{"start":{"line":43,"column":6},"end":{"line":43,"column":55}},"16":{"start":{"line":60,"column":4},"end":{"line":60,"column":32}},"17":{"start":{"line":69,"column":25},"end":{"line":69,"column":104}},"18":{"start":{"line":70,"column":4},"end":{"line":72,"column":5}},"19":{"start":{"line":71,"column":6},"end":{"line":71,"column":13}},"20":{"start":{"line":74,"column":25},"end":{"line":77,"column":null}},"21":{"start":{"line":80,"column":2},"end":{"line":80,"column":76}},"22":{"start":{"line":82,"column":4},"end":{"line":82,"column":110}},"23":{"start":{"line":83,"column":4},"end":{"line":107,"column":5}},"24":{"start":{"line":84,"column":6},"end":{"line":84,"column":79}},"25":{"start":{"line":85,"column":6},"end":{"line":87,"column":20}},"26":{"start":{"line":86,"column":8},"end":{"line":86,"column":80}},"27":{"start":{"line":89,"column":26},"end":{"line":92,"column":null}},"28":{"start":{"line":95,"column":6},"end":{"line":97,"column":20}},"29":{"start":{"line":96,"column":8},"end":{"line":96,"column":92}},"30":{"start":{"line":99,"column":6},"end":{"line":99,"column":67}},"31":{"start":{"line":100,"column":25},"end":{"line":103,"column":null}},"32":{"start":{"line":105,"column":6},"end":{"line":105,"column":69}},"33":{"start":{"line":106,"column":6},"end":{"line":106,"column":78}},"34":{"start":{"line":11,"column":13},"end":{"line":11,"column":24}},"35":{"start":{"line":13,"column":2},"end":{"line":23,"column":null}},"36":{"start":{"line":25,"column":2},"end":{"line":25,"column":null}},"37":{"start":{"line":35,"column":8},"end":{"line":45,"column":null}},"38":{"start":{"line":56,"column":2},"end":{"line":62,"column":null}},"39":{"start":{"line":65,"column":8},"end":{"line":108,"column":null}},"40":{"start":{"line":11,"column":13},"end":{"line":109,"column":null}}},"fnMap":{"0":{"name":"(anonymous_4)","decl":{"start":{"line":13,"column":2},"end":{"line":13,"column":14}},"loc":{"start":{"line":15,"column":37},"end":{"line":23,"column":3}}},"1":{"name":"(anonymous_5)","decl":{"start":{"line":27,"column":2},"end":{"line":27,"column":null}},"loc":{"start":{"line":31,"column":49},"end":{"line":32,"column":6}}},"2":{"name":"(anonymous_6)","decl":{"start":{"line":35,"column":8},"end":{"line":35,"column":28}},"loc":{"start":{"line":37,"column":37},"end":{"line":45,"column":3}}},"3":{"name":"(anonymous_7)","decl":{"start":{"line":47,"column":2},"end":{"line":47,"column":18}},"loc":{"start":{"line":47,"column":33},"end":{"line":49,"column":3}}},"4":{"name":"(anonymous_8)","decl":{"start":{"line":51,"column":2},"end":{"line":51,"column":18}},"loc":{"start":{"line":51,"column":33},"end":{"line":53,"column":3}}},"5":{"name":"(anonymous_9)","decl":{"start":{"line":56,"column":2},"end":{"line":56,"column":12}},"loc":{"start":{"line":58,"column":37},"end":{"line":62,"column":3}}},"6":{"name":"(anonymous_10)","decl":{"start":{"line":65,"column":8},"end":{"line":65,"column":17}},"loc":{"start":{"line":67,"column":37},"end":{"line":108,"column":3}}}},"branchMap":{"0":{"loc":{"start":{"line":70,"column":4},"end":{"line":72,"column":5}},"type":"if","locations":[{"start":{"line":70,"column":4},"end":{"line":72,"column":5}},{"start":{},"end":{}}]},"1":{"loc":{"start":{"line":83,"column":4},"end":{"line":107,"column":5}},"type":"if","locations":[{"start":{"line":83,"column":4},"end":{"line":107,"column":5}},{"start":{},"end":{}}]},"2":{"loc":{"start":{"line":92,"column":8},"end":{"line":92,"column":46}},"type":"binary-expr","locations":[{"start":{"line":92,"column":8},"end":{"line":92,"column":33}},{"start":{"line":92,"column":37},"end":{"line":92,"column":46}}]},"3":{"loc":{"start":{"line":15,"column":31},"end":{"line":15,"column":null}},"type":"cond-expr","locations":[{"start":{"line":15,"column":37},"end":{"line":15,"column":null}},{"start":{"line":15,"column":37},"end":{"line":15,"column":null}}]},"4":{"loc":{"start":{"line":15,"column":31},"end":{"line":15,"column":37}},"type":"binary-expr","locations":[{"start":{"line":15,"column":31},"end":{"line":15,"column":null}},{"start":{"line":15,"column":31},"end":{"line":15,"column":37}}]},"5":{"loc":{"start":{"line":25,"column":10},"end":{"line":25,"column":17}},"type":"cond-expr","locations":[{"start":{"line":25,"column":16},"end":{"line":25,"column":17}},{"start":{"line":25,"column":16},"end":{"line":25,"column":17}}]},"6":{"loc":{"start":{"line":25,"column":10},"end":{"line":25,"column":16}},"type":"binary-expr","locations":[{"start":{"line":25,"column":10},"end":{"line":25,"column":17}},{"start":{"line":25,"column":10},"end":{"line":25,"column":16}}]},"7":{"loc":{"start":{"line":37,"column":31},"end":{"line":37,"column":null}},"type":"cond-expr","locations":[{"start":{"line":37,"column":37},"end":{"line":37,"column":null}},{"start":{"line":37,"column":37},"end":{"line":37,"column":null}}]},"8":{"loc":{"start":{"line":37,"column":31},"end":{"line":37,"column":37}},"type":"binary-expr","locations":[{"start":{"line":37,"column":31},"end":{"line":37,"column":null}},{"start":{"line":37,"column":31},"end":{"line":37,"column":37}}]},"9":{"loc":{"start":{"line":58,"column":31},"end":{"line":58,"column":null}},"type":"cond-expr","locations":[{"start":{"line":58,"column":37},"end":{"line":58,"column":null}},{"start":{"line":58,"column":37},"end":{"line":58,"column":null}}]},"10":{"loc":{"start":{"line":58,"column":31},"end":{"line":58,"column":37}},"type":"binary-expr","locations":[{"start":{"line":58,"column":31},"end":{"line":58,"column":null}},{"start":{"line":58,"column":31},"end":{"line":58,"column":37}}]},"11":{"loc":{"start":{"line":67,"column":31},"end":{"line":67,"column":null}},"type":"cond-expr","locations":[{"start":{"line":67,"column":37},"end":{"line":67,"column":null}},{"start":{"line":67,"column":37},"end":{"line":67,"column":null}}]},"12":{"loc":{"start":{"line":67,"column":31},"end":{"line":67,"column":37}},"type":"binary-expr","locations":[{"start":{"line":67,"column":31},"end":{"line":67,"column":null}},{"start":{"line":67,"column":31},"end":{"line":67,"column":37}}]},"13":{"loc":{"start":{"line":28,"column":34},"end":{"line":28,"column":null}},"type":"cond-expr","locations":[{"start":{"line":28,"column":45},"end":{"line":28,"column":null}},{"start":{"line":28,"column":45},"end":{"line":28,"column":null}}]},"14":{"loc":{"start":{"line":28,"column":34},"end":{"line":28,"column":45}},"type":"binary-expr",
[...]
,"C:\\dev\\projects\\flutter_crm_simplified\\backend\\src\\scripts\\generate-registration-code.ts": {"path":"C:\\dev\\projects\\flutter_crm_simplified\\backend\\src\\scripts\\generate-registration-code.ts","statementMap":{"0":{"start":{"line":1,"column":0},"end":{"line":1,"column":43}},"1":{"start":{"line":2,"column":0},"end":{"line":2,"column":42}},"2":{"start":{"line":3,"column":0},"end":{"line":3,"column":75}},"3":{"start":{"line":6,"column":14},"end":{"line":6,"column":67}},"4":{"start":{"line":7,"column":30},"end":{"line":7,"column":58}},"5":{"start":{"line":9,"column":2},"end":{"line":23,"column":3}},"6":{"start":{"line":10,"column":17},"end":{"line":10,"column":69}},"7":{"start":{"line":11,"column":19},"end":{"line":11,"column":70}},"8":{"start":{"line":12,"column":29},"end":{"line":12,"column":57}},"9":{"start":{"line":14,"column":4},"end":{"line":14,"column":60}},"10":{"start":{"line":15,"column":4},"end":{"line":15,"column":36}},"11":{"start":{"line":16,"column":4},"end":{"line":16,"column":46}},"12":{"start":{"line":17,"column":4},"end":{"line":17,"column":40}},"13":{"start":{"line":20,"column":4},"end":{"line":20,"column":60}},"14":{"start":{"line":22,"column":4},"end":{"line":22,"column":22}},"15":{"start":{"line":26,"column":0},"end":{"line":26,"column":27}}},"fnMap":{"0":{"name":"generateRegistrationCode","decl":{"start":{"line":5,"column":15},"end":{"line":5,"column":39}},"loc":{"start":{"line":5,"column":39},"end":{"line":24,"column":1}}}},"branchMap":{"0":{"loc":{"start":{"line":11,"column":19},"end":{"line":11,"column":70}},"type":"binary-expr","locations":[{"start":{"line":11,"column":19},"end":{"line":11,"column":43}},{"start":{"line":11,"column":47},"end":{"line":11,"column":70}}]}},"s":{"0":0,"1":0,"2":0,"3":0,"4":0,"5":0,"6":0,"7":0,"8":0,"9":0,"10":0,"11":0,"12":0,"13":0,"14":0,"15":0},"f":{"0":0},"b":{"0":[0,0]}}
,"C:\\dev\\projects\\flutter_crm_simplified\\backend\\src\\services\\service.controller.ts": {"path":"C:\\dev\\projects\\flutter_crm_simplified\\backend\\src\\services\\service.controller.ts","statementMap":{"0":{"start":{"line":1,"column":0},"end":{"line":1,"column":61}},"1":{"start":{"line":2,"column":0},"end":{"line":2,"column":51}},"2":{"start":{"line":3,"column":0},"end":{"line":3,"column":60}},"3":{"start":{"line":7,"column":7},"end":{"line":19,"column":null}},"4":{"start":{"line":8,"column":31},"end":{"line":8,"column":47}},"5":{"start":{"line":12,"column":4},"end":{"line":12,"column":49}},"6":{"start":{"line":17,"column":4},"end":{"line":17,"column":41}},"7":{"start":{"line":7,"column":13},"end":{"line":7,"column":30}},"8":{"start":{"line":11,"column":8},"end":{"line":13,"column":null}},"9":{"start":{"line":16,"column":8},"end":{"line":18,"column":null}},"10":{"start":{"line":7,"column":13},"end":{"line":19,"column":null}}},"fnMap":{"0":{"name":"(anonymous_4)","decl":{"start":{"line":8,"column":2},"end":{"line":8,"column":31}},"loc":{"start":{"line":8,"column":61},"end":{"line":8,"column":65}}},"1":{"name":"(anonymous_5)","decl":{"start":{"line":11,"column":8},"end":{"line":11,"column":14}},"loc":{"start":{"line":11,"column":50},"end":{"line":13,"column":3}}},"2":{"name":"(anonymous_6)","decl":{"start":{"line":16,"column":8},"end":{"line":16,"column":15}},"loc":{"start":{"line":16,"column":15},"end":{"line":18,"column":3}}}},"branchMap":{"0":{"loc":{"start":{"line":11,"column":34},"end":{"line":11,"column":53}},"type":"cond-expr","locations":[{"start":{"line":11,"column":50},"end":{"line":11,"column":53}},{"start":{"line":11,"column":50},"end":{"line":11,"column":53}}]},"1":{"loc":{"start":{"line":11,"column":34},"end":{"line":11,"column":50}},"type":"binary-expr","locations":[{"start":{"line":11,"column":34},"end":{"line":11,"column":53}},{"start":{"line":11,"column":34},"end":{"line":11,"column":50}}]},"2":{"loc":{"start":{"line":11,"column":53},"end":{"line":11,"column":null}},"type":"cond-expr","locations":[{"start":{"line":11,"column":60},"end":{"line":11,"column":null}},{"start":{"line":11,"column":60},"end":{"line":11,"column":null}}]},"3":{"loc":{"start":{"line":11,"column":53},"end":{"line":11,"column":60}},"type":"binary-expr","locations":[{"start":{"line":11,"column":53},"end":{"line":11,"column":null}},{"start":{"line":11,"column":53},"end":{"line":11,"column":60}}]},"4":{"loc":{"start":{"line":16,"column":19},"end":{"line":16,"column":null}},"type":"cond-expr","locations":[{"start":{"line":16,"column":26},"end":{"line":16,"column":null}},{"start":{"line":16,"column":26},"end":{"line":16,"column":null}}]},"5":{"loc":{"start":{"line":16,"column":19},"end":{"line":16,"column":26}},"type":"binary-expr","locations":[{"start":{"line":16,"column":19},"end":{"line":16,"column":null}},{"start":{"line":16,"column":19},"end":{"line":16,"column":26}}]},"6":{"loc":{"start":{"line":8,"column":47},"end":{"line":8,"column":64}},"type":"cond-expr","locations":[{"start":{"line":8,"column":61},"end":{"line":8,"column":64}},{"start":{"line":8,"column":61},"end":{"line":8,"column":64}}]},"7":{"loc":{"start":{"line":8,"column":47},"end":{"line":8,"column":61}},"type":"binary-expr","locations":[{"start":{"line":8,"column":47},"end":{"line":8,"column":64}},{"start":{"line":8,"column":47},"end":{"line":8,"column":61}}]}},"s":{"0":0,"1":0,"2":0,"3":0,"4":0,"5":0,"6":0,"7":0,"8":0,"9":0,"10":0},"f":{"0":0,"1":0,"2":0},"b":{"0":[0,0],"1":[0,0],"2":[0,0],"3":[0,0],"4":[0,0],"5":[0,0],"6":[0,0],"7":[0,0]}}
,"C:\\dev\\projects\\flutter_crm_simplified\\backend\\src\\services\\service.module.ts": {"path":"C:\\dev\\projects\\flutter_crm_simplified\\backend\\src\\services\\service.module.ts","statementMap":{"0":{"start":{"line":1,"column":0},"end":{"line":1,"column":40}},"1":{"start":{"line":2,"column":0},"end":{"line":2,"column":48}},"2":{"start":{"line":3,"column":0},"end":{"line":3,"column":57}},"3":{"start":{"line":4,"column":0},"end":{"line":4,"column":51}},"4":{"start":{"line":5,"column":0},"end":{"line":5,"column":52}},"5":{"start":{"line":13,"column":7},"end":{"line":13,"column":null}},"6":{"start":{"line":13,"column":13},"end":{"line":13,"column":26}},"7":{"start":{"line":13,"column":13},"end":{"line":13,"column":null}}},"fnMap":{},"branchMap":{},"s":{"0":0,"1":0,"2":0,"3":0,"4":0,"5":0,"6":0,"7":0},"f":{},"b":{}}
,"C:\\dev\\projects\\flutter_crm_simplified\\backend\\src\\services\\service.service.ts": {"path":"C:\\dev\\projects\\flutter_crm_simplified\\backend\\src\\services\\service.service.ts","statementMap":{"0":{"start":{"line":1,"column":0},"end":{"line":1,"column":44}},"1":{"start":{"line":2,"column":0},"end":{"line":2,"column":51}},"2":{"start":{"line":3,"column":0},"end":{"line":3,"column":37}},"3":{"start":{"line":4,"column":0},"end":{"line":4,"column":52}},"4":{"start":{"line":8,"column":7},"end":{"line":22,"column":null}},"5":{"start":{"line":11,"column":21},"end":{"line":11,"column":40}},"6":{"start":{"line":15,"column":17},"end":{"line":15,"column":57}},"7":{"start":{"line":16,"column":4},"end":{"line":16,"column":45}},"8":{"start":{"line":20,"column":4},"end":{"line":20,"column":41}},"9":{"start":{"line":8,"column":13},"end":{"line":8,"column":27}},"10":{"start":{"line":8,"column":13},"end":{"line":22,"column":null}}},"fnMap":{"0":{"name":"(anonymous_4)","decl":{"start":{"line":9,"column":2},"end":{"line":9,"column":null}},"loc":{"start":{"line":11,"column":59},"end":{"line":12,"column":6}}},"1":{"name":"(anonymous_5)","decl":{"start":{"line":14,"column":2},"end":{"line":14,"column":7}},"loc":{"start":{"line":14,"column":42},"end":{"line":17,"column":3}}},"2":{"name":"(anonymous_6)","decl":{"start":{"line":19,"column":2},"end":{"line":19,"column":7}},"loc":{"start":{"line":19,"column":15},"end":{"line":21,"column":3}}}},"branchMap":{"0":{"loc":{"start":{"line":11,"column":40},"end":{"line":11,"column":59}},"type":"cond-expr","locations":[{"start":{"line":11,"column":50},"end":{"line":11,"column":59}},{"start":{"line":11,"column":50},"end":{"line":11,"column":59}}]},"1":{"loc":{"start":{"line":11,"column":40},"end":{"line":11,"column":50}},"type":"binary-expr","locations":[{"start":{"line":11,"column":40},"end":{"line":11,"column":59}},{"start":{"line":11,"column":40},"end":{"line":11,"column":50}}]}},"s":{"0":3,"1":3,"2":3,"3":3,"4":3,"5":0,"6":0,"7":0,"8":0,"9":3,"10":3},"f":{"0":0,"1":0,"2":0},"b":{"0":[3,0],"1":[3,3]}}
,"C:\\dev\\projects\\flutter_crm_simplified\\backend\\src\\services\\dto\\create-service.dto.ts": {"path":"C:\\dev\\projects\\flutter_crm_simplified\\backend\\src\\services\\dto\\create-service.dto.ts","statementMap":{"0":{"start":{"line":1,"column":0},"end":{"line":1,"column":13}}},"fnMap":{},"branchMap":{},"s":{"0":0},"f":{},"b":{}}
,"C:\\dev\\projects\\flutter_crm_simplified\\backend\\src\\services\\entities\\service.entity.ts": {"path":"C:\\dev\\projects\\flutter_crm_simplified\\backend\\src\\services\\entities\\service.entity.ts","statementMap":{"0":{"start":{"line":1,"column":0},"end":{"line":1,"column":65}},"1":{"start":{"line":4,"column":7},"end":{"line":34,"column":null}},"2":{"start":{"line":4,"column":13},"end":{"line":4,"column":20}},"3":{"start":{"line":6,"column":2},"end":{"line":6,"column":null}},"4":{"start":{"line":10,"column":2},"end":{"line":10,"column":null}},"5":{"start":{"line":24,"column":2},"end":{"line":24,"column":null}},"6":{"start":{"line":20,"column":36},"end":{"line":20,"column":41}},"7":{"start":{"line":21,"column":39},"end":{"line":21,"column":76}},"8":{"start":{"line":27,"column":2},"end":{"line":27,"column":null}},"9":{"start":{"line":30,"column":2},"end":{"line":30,"column":null}},"10":{"start":{"line":29,"column":46},"end":{"line":29,"column":65}},"11":{"start":{"line":33,"column":2},"end":{"line":33,"column":null}},"12":{"start":{"line":4,"column":13},"end":{"line":34,"column":null}}},"fnMap":{"0":{"name":"(anonymous_2)","decl":{"start":{"line":20,"column":10},"end":{"line":20,"column":11}},"loc":{"start":{"line":20,"column":36},"end":{"line":20,"column":41}}},"1":{"name":"(anonymous_3)","decl":{"start":{"line":21,"column":12},"end":{"line":21,"column":13}},"loc":{"start":{"line":21,"column":39},"end":{"line":21,"column":76}}},"2":{"name":"(anonymous_4)","decl":{"start":{"line":29,"column":40},"end":{"line":29,"column":43}},"loc":{"start":{"line":29,"column":46},"end":{"line":29,"column":65}}}},"branchMap":{"0":{"loc":{"start":{"line":21,"column":39},"end":{"line":21,"column":76}},"type":"cond-expr","locations":[{"start":{"line":21,"column":56},"end":{"line":21,"column":60}},{"start":{"line":21,"column":63},"end":{"line":21,"column":76}}]},"1":{"loc":{"start":{"line":30,"column":13},"end":{"line":30,"column":18}},"type":"cond-expr","locations":[{"start":{"line":30,"column":17},"end":{"line":30,"column":18}},{"start":{"line":30,"column":17},"end":{"line":30,"column":18}}]},"2":{"loc":{"start":{"line":30,"column":13},"end":{"line":30,"column":17}},"type":"binary-expr","locations":[{"start":{"line":30,"column":13},"end":{"line":30,"column":18}},{"start":{"line":30,"column":13},"end":{"line":30,"column":17}}]},"3":{"loc":{"start":{"line":33,"column":14},"end":{"line":33,"column":19}},"type":"cond-expr","locations":[{"start":{"line":33,"column":18},"end":{"line":33,"column":19}},{"start":{"line":33,"column":18},"end":{"line":33,"column":19}}]},"4":{"loc":{"start":{"line":33,"column":14},"end":{"line":33,"column":18}},"type":"binary-expr","locations":[{"start":{"line":33,"column":14},"end":{"line":33,"column":19}},{"start":{"line":33,"column":14},"end":{"line":33,"column":18}}]}},"s":{"0":3,"1":3,"2":3,"3":3,"4":3,"5":3,"6":0,"7":0,"8":3,"9":3,"10":0,"11":3,"12":3},"f":{"0":0,"1":0,"2":0},"b":{"0":[0,0],"1":[3,0],"2":[3,3],"3":[3,0],"4":[3,3]}}
,"C:\\dev\\projects\\flutter_crm_simplified\\backend\\src\\users\\users.controller.ts": {"path":"C:\\dev\\projects\\flutter_crm_simplified\\backend\\src\\users\\users.controller.ts","statementMap":{"0":{"start":{"line":1,"column":0},"end":{"line":1,"column":44}},"1":{"start":{"line":4,"column":7},"end":{"line":4,"column":null}},"2":{"start":{"line":4,"column":13},"end":{"line":4,"column":28}},"3":{"start":{"line":4,"column":13},"end":{"line":4,"column":null}}},"fnMap":{},"branchMap":{},"s":{"0":1,"1":1,"2":1,"3":1},"f":{},"b":{}}
,"C:\\dev\\projects\\flutter_crm_simplified\\backend\\src\\users\\users.module.ts": {"path":"C:\\dev\\projects\\flutter_crm_simplified\\backend\\src\\users\\users.module.ts","statementMap":{"0":{"start":{"line":1,"column":0},"end":{"line":1,"column":40}},"1":{"start":{"line":2,"column":0},"end":{"line":2,"column":53}},"2":{"start":{"line":3,"column":0},"end":{"line":3,"column":47}},"3":{"start":{"line":4,"column":0},"end":{"line":4,"column":48}},"4":{"start":{"line":5,"column":0},"end":{"line":5,"column":47}},"5":{"start":{"line":12,"column":7},"end":{"line":14,"column":null}},"6":{"start":{"line":12,"column":13},"end":{"line":12,"column":24}},"7":{"start":{"line":12,"column":13},"end":{"line":14,"column":null}}},"fnMap":{},"branchMap":{},"s":{"0":0,"1":0,"2":0,"3":0,"4":0,"5":0,"6":0,"7":0},"f":{},"b":{}}
,"C:\\dev\\projects\\flutter_crm_simplified\\backend\\src\\users\\users.service.ts": {"path":"C:\\dev\\projects\\flutter_crm_simplified\\backend\\src\\users\\users.service.ts","statementMap":{"0":{"start":{"line":1,"column":0},"end":{"line":1,"column":44}},"1":{"start":{"line":4,"column":7},"end":{"line":4,"column":null}},"2":{"start":{"line":4,"column":13},"end":{"line":4,"column":25}},"3":{"start":{"line":4,"column":13},"end":{"line":4,"column":null}}},"fnMap":{},"branchMap":{},"s":{"0":1,"1":1,"2":1,"3":1},"f":{},"b":{}}
,"C:\\dev\\projects\\flutter_crm_simplified\\backend\\src\\users\\entities\\users.entity.ts": {"path":"C:\\dev\\projects\\flutter_crm_simplified\\backend\\src\\users\\entities\\users.entity.ts","statementMap":{"0":{"start":{"line":1,"column":0},"end":{"line":1,"column":65}},"1":{"start":{"line":5,"column":7},"end":{"line":37,"column":null}},"2":{"start":{"line":5,"column":13},"end":{"line":5,"column":17}},"3":{"start":{"line":7,"column":4},"end":{"line":7,"column":null}},"4":{"start":{"line":10,"column":4},"end":{"line":10,"column":null}},"5":{"start":{"line":13,"column":4},"end":{"line":13,"column":null}},"6":{"start":{"line":16,"column":4},"end":{"line":16,"column":null}},"7":{"start":{"line":19,"column":4},"end":{"line":19,"column":null}},"8":{"start":{"line":22,"column":4},"end":{"line":22,"column":null}},"9":{"start":{"line":25,"column":4},"end":{"line":25,"column":null}},"10":{"start":{"line":28,"column":4},"end":{"line":28,"column":null}},"11":{"start":{"line":31,"column":4},"end":{"line":31,"column":null}},"12":{"start":{"line":30,"column":48},"end":{"line":30,"column":67}},"13":{"start":{"line":34,"column":4},"end":{"line":34,"column":null}},"14":{"start":{"line":33,"column":48},"end":{"line":33,"column":67}},"15":{"start":{"line":5,"column":13},"end":{"line":37,"column":null}}},"fnMap":{"0":{"name":"(anonymous_2)","decl":{"start":{"line":30,"column":42},"end":{"line":30,"column":45}},"loc":{"start":{"line":30,"column":48},"end":{"line":30,"column":67}}},"1":{"name":"(anonymous_3)","decl":{"start":{"line":33,"column":42},"end":{"line":33,"column":45}},"loc":{"start":{"line":33,"column":48},"end":{"line":33,"column":67}}}},"branchMap":{"0":{"loc":{"start":{"line":28,"column":25},"end":{"line":28,"column":30}},"type":"cond-expr","locations":[{"start":{"line":28,"column":29},"end":{"line":28,"column":30}},{"start":{"line":28,"column":29},"end":{"line":28,"column":30}}]},"1":{"loc":{"start":{"line":28,"column":25},"end":{"line":28,"column":29}},"type":"binary-expr","locations":[{"start":{"line":28,"column":25},"end":{"line":28,"column":30}},{"start":{"line":28,"column":25},"end":{"line":28,"column":29}}]},"2":{"loc":{"start":{"line":31,"column":15},"end":{"line":31,"column":20}},"type":"cond-expr","locations":[{"start":{"line":31,"column":19},"end":{"line":31,"column":20}},{"start":{"line":31,"column":19},"end":{"line":31,"column":20}}]},"3":{"loc":{"start":{"line":31,"column":15},"end":{"line":31,"column":19}},"type":"binary-expr","locations":[{"start":{"line":31,"column":15},"end":{"line":31,"column":20}},{"start":{"line":31,"column":15},"end":{"line":31,"column":19}}]},"4":{"loc":{"start":{"line":34,"column":15},"end":{"line":34,"column":20}},"type":"cond-expr","locations":[{"start":{"line":34,"column":19},"end":{"line":34,"column":20}},{"start":{"line":34,"column":19},"end":{"line":34,"column":20}}]},"5":{"loc":{"start":{"line":34,"column":15},"end":{"line":34,"column":19}},"type":"binary-expr","locations":[{"start":{"line":34,"column":15},"end":{"line":34,"column":20}},{"start":{"line":34,"column":15},"end":{"line":34,"column":19}}]}},"s":{"0":2,"1":2,"2":2,"3":2,"4":2,"5":2,"6":2,"7":2,"8":2,"9":2,"10":2,"11":2,"12":0,"13":2,"14":0,"15":2},"f":{"0":0,"1":0},"b":{"0":[2,0],"1":[2,2],"2":[2,0],"3":[2,2],"4":[2,0],"5":[2,2]}}
,"C:\\dev\\projects\\flutter_crm_simplified\\backend\\src\\webhook\\webhook.controller.ts": {"path":"C:\\dev\\projects\\flutter_crm_simplified\\backend\\src\\webhook\\webhook.controller.ts","statementMap":{"0":{"start":{"line":1,"column":0},"end":{"line":1,"column":63}},"1":{"start":{"line":4,"column":30},"end":{"line":17,"column":null}},"2":{"start":{"line":5,"column":30},"end":{"line":5,"column":64}},"3":{"start":{"line":9,"column":8},"end":{"line":9,"column":48}},"4":{"start":{"line":10,"column":8},"end":{"line":10,"column":57}},"5":{"start":{"line":11,"column":8},"end":{"line":14,"column":17}},"6":{"start":{"line":12,"column":12},"end":{"line":12,"column":36}},"7":{"start":{"line":13,"column":12},"end":{"line":13,"column":62}},"8":{"start":{"line":4,"column":13},"end":{"line":4,"column":30}},"9":{"start":{"line":8,"column":4},"end":{"line":16,"column":null}},"10":{"start":{"line":4,"column":13},"end":{"line":17,"column":null}}},"fnMap":{"0":{"name":"(anonymous_4)","decl":{"start":{"line":8,"column":4},"end":{"line":8,"column":11}},"loc":{"start":{"line":8,"column":29},"end":{"line":16,"column":5}}}},"branchMap":{"0":{"loc":{"start":{"line":11,"column":8},"end":{"line":14,"column":17}},"type":"if","locations":[{"start":{"line":11,"column":8},"end":{"line":14,"column":17}},{"start":{"line":14,"column":15},"end":{"line":14,"column":17}}]}},"s":{"0":1,"1":1,"2":1,"3":0,"4":0,"5":0,"6":0,"7":0,"8":1,"9":1,"10":1},"f":{"0":0},"b":{"0":[0,0]}}
,"C:\\dev\\projects\\flutter_crm_simplified\\backend\\src\\webhook\\webhook.module.ts": {"path":"C:\\dev\\projects\\flutter_crm_simplified\\backend\\src\\webhook\\webhook.module.ts","statementMap":{"0":{"start":{"line":1,"column":0},"end":{"line":1,"column":40}},"1":{"start":{"line":2,"column":0},"end":{"line":2,"column":57}},"2":{"start":{"line":7,"column":7},"end":{"line":7,"column":null}},"3":{"start":{"line":7,"column":13},"end":{"line":7,"column":26}},"4":{"start":{"line":7,"column":13},"end":{"line":7,"column":null}}},"fnMap":{},"branchMap":{},"s":{"0":0,"1":0,"2":0,"3":0,"4":0},"f":{},"b":{}}
}
