TN:
SF:src\app.controller.ts
FN:6,(anonymous_2)
FN:9,(anonymous_3)
FNF:2
FNH:2
FNDA:1,(anonymous_2)
FNDA:1,(anonymous_3)
DA:1,1
DA:2,1
DA:5,1
DA:6,1
DA:9,1
DA:10,1
LF:6
LH:6
BRDA:6,0,0,1
BRDA:6,0,1,0
BRDA:6,1,0,1
BRDA:6,1,1,1
BRF:4
BRH:3
end_of_record
TN:
SF:src\app.module.ts
FNF:0
FNH:0
DA:1,0
DA:2,0
DA:3,0
DA:4,0
DA:5,0
DA:6,0
DA:7,0
DA:8,0
DA:9,0
DA:10,0
DA:11,0
DA:12,0
DA:14,0
DA:15,0
DA:17,0
DA:18,0
DA:19,0
DA:20,0
DA:21,0
DA:44,0
LF:20
LH:0
BRF:0
BRH:0
end_of_record
TN:
SF:src\app.service.ts
FN:5,(anonymous_1)
FNF:1
FNH:1
FNDA:1,(anonymous_1)
DA:1,1
DA:4,1
DA:6,1
LF:3
LH:3
BRF:0
BRH:0
end_of_record
TN:
SF:src\data-source.ts
FN:41,(anonymous_0)
FN:46,(anonymous_1)
FNF:2
FNH:0
FNDA:0,(anonymous_0)
FNDA:0,(anonymous_1)
DA:1,0
DA:2,0
DA:3,0
DA:4,0
DA:5,0
DA:6,0
DA:7,0
DA:8,0
DA:9,0
DA:10,0
DA:11,0
DA:12,0
DA:14,0
DA:16,0
DA:17,0
DA:18,0
DA:19,0
DA:24,0
DA:40,0
DA:42,0
DA:43,0
DA:47,0
DA:50,0
LF:23
LH:0
BRDA:18,0,0,0
BRDA:18,0,1,0
BRDA:42,1,0,0
BRDA:42,1,1,0
BRF:4
BRH:0
end_of_record
TN:
SF:src\firebase-admin.config.ts
FNF:0
FNH:0
DA:1,0
DA:3,0
DA:5,0
DA:6,0
DA:7,0
DA:8,0
DA:9,0
DA:13,0
DA:14,0
DA:19,0
LF:10
LH:0
BRDA:5,0,0,0
BRDA:5,0,1,0
BRDA:6,1,0,0
BRDA:6,1,1,0
BRF:4
BRH:0
end_of_record
TN:
SF:src\main.ts
FN:8,bootstrap
FN:26,(anonymous_1)
FN:37,(anonymous_2)
FN:44,(anonymous_3)
FNF:4
FNH:0
FNDA:0,bootstrap
FNDA:0,(anonymous_1)
FNDA:0,(anonymous_2)
FNDA:0,(anonymous_3)
DA:1,0
DA:2,0
DA:4,0
DA:5,0
DA:6,0
DA:9,0
DA:10,0
DA:13,0
DA:16,0
DA:17,0
DA:18,0
DA:19,0
DA:22,0
DA:26,0
DA:27,0
DA:28,0
DA:29,0
DA:30,0
DA:32,0
DA:34,0
DA:37,0
DA:38,0
DA:39,0
DA:41,0
DA:44,0
DA:46,0
DA:55,0
DA:57,0
DA:60,0
DA:61,0
DA:62,0
DA:63,0
DA:66,0
LF:33
LH:0
BRDA:16,0,0,0
BRDA:16,0,1,0
BRDA:27,1,0,0
BRDA:27,1,1,0
BRDA:27,2,0,0
BRDA:27,2,1,0
BRDA:29,3,0,0
BRDA:29,3,1,0
BRDA:38,4,0,0
BRDA:38,4,1,0
BRDA:46,5,0,0
BRDA:46,5,1,0
BRDA:47,6,0,0
BRDA:47,6,1,0
BRDA:47,6,2,0
BRDA:47,6,3,0
BRDA:47,6,4,0
BRDA:47,6,5,0
BRDA:47,6,6,0
BRDA:60,7,0,0
BRDA:60,7,1,0
BRDA:62,8,0,0
BRDA:62,8,1,0
BRDA:63,9,0,0
BRDA:63,9,1,0
BRF:25
BRH:0
end_of_record
TN:
SF:src\ai-actions\ai-actions.module.ts
FNF:0
FNH:0
DA:1,0
DA:2,0
DA:3,0
DA:4,0
DA:11,0
LF:5
LH:0
BRF:0
BRH:0
end_of_record
TN:
SF:src\ai-actions\ai-actions.service.ts
FN:8,(anonymous_4)
FN:13,(anonymous_5)
FN:26,(anonymous_6)
FN:34,(anonymous_7)
FNF:4
FNH:0
FNDA:0,(anonymous_4)
FNDA:0,(anonymous_5)
FNDA:0,(anonymous_6)
FNDA:0,(anonymous_7)
DA:1,5
DA:2,5
DA:3,5
DA:4,5
DA:7,5
DA:10,0
DA:15,0
DA:16,0
DA:17,0
DA:18,0
DA:21,0
DA:22,0
DA:27,0
DA:28,0
DA:29,0
DA:30,0
DA:31,0
DA:35,0
LF:18
LH:5
BRDA:28,0,0,0
BRDA:28,0,1,0
BRDA:10,1,0,5
BRDA:10,1,1,0
BRDA:10,2,0,5
BRDA:10,2,1,5
BRF:6
BRH:3
end_of_record
TN:
SF:src\ai-actions\entities\ai-action.entity.ts
FNF:0
FNH:0
DA:1,5
DA:4,5
DA:6,5
DA:9,5
DA:12,5
DA:15,5
DA:18,5
DA:21,5
DA:24,5
LF:9
LH:9
BRDA:24,0,0,5
BRDA:24,0,1,0
BRDA:24,1,0,5
BRDA:24,1,1,5
BRF:4
BRH:3
end_of_record
TN:
SF:src\appointments\appointments.ai.service.ts
FN:9,(anonymous_2)
FN:15,(anonymous_3)
FN:23,(anonymous_4)
FN:33,(anonymous_5)
FN:34,(anonymous_6)
FNF:5
FNH:4
FNDA:3,(anonymous_2)
FNDA:3,(anonymous_3)
FNDA:0,(anonymous_4)
FNDA:8,(anonymous_5)
FNDA:4,(anonymous_6)
DA:1,4
DA:3,4
DA:4,4
DA:5,4
DA:8,4
DA:10,3
DA:11,3
DA:12,3
DA:16,3
DA:17,3
DA:19,2
DA:20,0
DA:22,0
DA:23,0
DA:25,0
DA:29,2
DA:30,2
DA:33,8
DA:34,4
DA:36,2
DA:37,2
DA:38,2
DA:39,2
DA:42,2
DA:43,2
DA:44,2
DA:45,2
DA:46,2
DA:48,0
DA:49,0
DA:50,0
DA:51,0
DA:55,0
DA:58,2
DA:70,2
DA:71,2
DA:73,2
DA:74,2
DA:79,2
LF:39
LH:30
BRDA:16,0,0,3
BRDA:16,0,1,0
BRDA:19,1,0,0
BRDA:19,1,1,2
BRDA:20,2,0,0
BRDA:20,2,1,0
BRDA:20,3,0,0
BRDA:20,3,1,0
BRDA:23,4,0,0
BRDA:23,4,1,0
BRDA:29,5,0,2
BRDA:29,5,1,2
BRDA:30,6,0,2
BRDA:30,6,1,2
BRDA:37,7,0,2
BRDA:37,7,1,0
BRDA:37,8,0,2
BRDA:37,8,1,2
BRDA:46,9,0,2
BRDA:46,9,1,0
BRDA:70,10,0,0
BRDA:70,10,1,2
BRDA:71,11,0,2
BRDA:71,11,1,0
BRDA:73,12,0,2
BRDA:73,12,1,0
BRDA:79,13,0,2
BRDA:79,13,1,0
BRDA:10,14,0,4
BRDA:10,14,1,0
BRDA:10,15,0,4
BRDA:10,15,1,4
BRDA:10,16,0,4
BRDA:10,16,1,0
BRDA:10,17,0,4
BRDA:10,17,1,4
BRDA:11,18,0,4
BRDA:11,18,1,0
BRDA:11,19,0,4
BRDA:11,19,1,4
BRF:40
BRH:23
end_of_record
TN:
SF:src\appointments\appointments.controller.ts
FN:11,(anonymous_4)
FN:18,(anonymous_5)
FN:23,(anonymous_6)
FN:46,(anonymous_7)
FNF:4
FNH:1
FNDA:1,(anonymous_4)
FNDA:0,(anonymous_5)
FNDA:0,(anonymous_6)
FNDA:0,(anonymous_7)
DA:2,1
DA:3,1
DA:4,1
DA:5,1
DA:6,1
DA:7,1
DA:10,1
DA:13,1
DA:14,1
DA:18,1
DA:19,0
DA:23,1
DA:25,0
DA:26,0
DA:27,0
DA:30,0
DA:31,0
DA:32,0
DA:33,0
DA:34,0
DA:35,0
DA:37,0
DA:40,0
DA:43,0
DA:44,0
DA:46,0
DA:47,0
DA:48,0
DA:51,0
DA:54,0
DA:55,0
DA:56,0
DA:57,0
DA:60,0
DA:71,0
LF:35
LH:11
BRDA:26,0,0,0
BRDA:26,0,1,0
BRDA:30,1,0,0
BRDA:30,1,1,0
BRDA:31,2,0,0
BRDA:31,2,1,0
BRDA:33,3,0,0
BRDA:33,3,1,0
BRDA:35,4,0,0
BRDA:35,4,1,0
BRDA:35,5,0,0
BRDA:35,5,1,0
BRDA:40,6,0,0
BRDA:40,6,1,0
BRDA:56,7,0,0
BRDA:56,7,1,0
BRDA:62,8,0,0
BRDA:62,8,1,0
BRDA:23,9,0,1
BRDA:23,9,1,0
BRDA:23,10,0,1
BRDA:23,10,1,1
BRDA:13,11,0,1
BRDA:13,11,1,0
BRDA:13,12,0,1
BRDA:13,12,1,1
BRDA:13,13,0,1
BRDA:13,13,1,0
BRDA:13,14,0,1
BRDA:13,14,1,1
BRF:30
BRH:9
end_of_record
TN:
SF:src\appointments\appointments.module.ts
FNF:0
FNH:0
DA:1,0
DA:2,0
DA:3,0
DA:4,0
DA:5,0
DA:6,0
DA:7,0
DA:8,0
DA:17,0
LF:9
LH:0
BRF:0
BRH:0
end_of_record
TN:
SF:src\appointments\appointments.service.ts
FN:8,(anonymous_4)
FN:13,(anonymous_5)
FN:17,(anonymous_6)
FN:25,(anonymous_7)
FNF:4
FNH:3
FNDA:6,(anonymous_4)
FNDA:0,(anonymous_5)
FNDA:5,(anonymous_6)
FNDA:1,(anonymous_7)
DA:1,6
DA:2,6
DA:3,6
DA:4,6
DA:7,6
DA:10,6
DA:14,0
DA:18,5
DA:21,5
DA:22,5
DA:26,1
DA:37,1
LF:12
LH:11
BRDA:28,0,0,1
BRDA:28,0,1,0
BRDA:30,1,0,1
BRDA:30,1,1,0
BRDA:31,2,0,1
BRDA:31,2,1,0
BRDA:32,3,0,1
BRDA:32,3,1,1
BRDA:34,4,0,1
BRDA:34,4,1,0
BRDA:35,5,0,1
BRDA:35,5,1,0
BRDA:10,6,0,6
BRDA:10,6,1,0
BRDA:10,7,0,6
BRDA:10,7,1,6
BRF:16
BRH:10
end_of_record
TN:
SF:src\appointments\dto\create-appointment-from-ai.dto.ts
FNF:0
FNH:0
DA:1,0
DA:3,0
DA:5,0
DA:9,0
DA:13,0
DA:16,0
DA:21,0
DA:25,0
DA:29,0
DA:33,0
LF:10
LH:0
BRF:0
BRH:0
end_of_record
TN:
SF:src\appointments\dto\create-appointment.dto.ts
FNF:0
FNH:0
DA:1,1
DA:3,1
DA:5,1
DA:9,1
DA:12,1
DA:17,1
DA:21,1
DA:25,1
DA:29,1
DA:33,1
DA:37,1
LF:11
LH:11
BRF:0
BRH:0
end_of_record
TN:
SF:src\appointments\entities\appointments.entity.ts
FN:37,(anonymous_2)
FNF:1
FNH:0
FNDA:0,(anonymous_2)
DA:1,6
DA:4,6
DA:6,6
DA:9,6
DA:12,6
DA:16,6
DA:19,6
DA:22,6
DA:25,6
DA:29,6
DA:32,6
DA:35,6
DA:37,0
DA:38,6
LF:14
LH:13
BRDA:16,0,0,6
BRDA:16,0,1,0
BRDA:16,1,0,6
BRDA:16,1,1,6
BRDA:38,2,0,6
BRDA:38,2,1,0
BRDA:38,3,0,6
BRDA:38,3,1,6
BRF:8
BRH:6
end_of_record
TN:
SF:src\audit\audit.module.ts
FNF:0
FNH:0
DA:1,0
DA:2,0
DA:3,0
DA:9,0
LF:4
LH:0
BRF:0
BRH:0
end_of_record
TN:
SF:src\audit\audit-log\audit-log.controller.ts
FNF:0
FNH:0
DA:1,1
DA:4,1
LF:2
LH:2
BRF:0
BRH:0
end_of_record
TN:
SF:src\audit\audit-log\audit-log.service.ts
FNF:0
FNH:0
DA:1,1
DA:4,1
LF:2
LH:2
BRF:0
BRH:0
end_of_record
TN:
SF:src\auth\auth.controller.ts
FN:7,(anonymous_4)
FN:10,(anonymous_5)
FN:20,(anonymous_6)
FN:30,(anonymous_7)
FNF:4
FNH:1
FNDA:1,(anonymous_4)
FNDA:0,(anonymous_5)
FNDA:0,(anonymous_6)
FNDA:0,(anonymous_7)
DA:1,1
DA:2,1
DA:6,1
DA:7,1
DA:10,1
DA:11,0
DA:12,0
DA:13,0
DA:15,0
DA:16,0
DA:20,1
DA:21,0
DA:22,0
DA:23,0
DA:25,0
DA:26,0
DA:30,1
DA:31,0
DA:32,0
DA:34,0
LF:20
LH:7
BRDA:12,0,0,0
BRDA:12,0,1,0
BRDA:12,1,0,0
BRDA:12,1,1,0
BRDA:22,2,0,0
BRDA:22,2,1,0
BRDA:22,3,0,0
BRDA:22,3,1,0
BRDA:31,4,0,0
BRDA:31,4,1,0
BRDA:7,5,0,1
BRDA:7,5,1,0
BRDA:7,6,0,1
BRDA:7,6,1,1
BRF:14
BRH:3
end_of_record
TN:
SF:src\auth\auth.guard.ts
FN:11,(anonymous_10)
FN:28,(anonymous_11)
FNF:2
FNH:0
FNDA:0,(anonymous_10)
FNDA:0,(anonymous_11)
DA:1,0
DA:3,0
DA:10,0
DA:12,0
DA:13,0
DA:15,0
DA:16,0
DA:19,0
DA:20,0
DA:21,0
DA:22,0
DA:24,0
DA:29,0
DA:30,0
DA:32,0
DA:33,0
LF:16
LH:0
BRDA:15,0,0,0
BRDA:15,0,1,0
BRDA:30,1,0,0
BRDA:30,1,1,0
BRDA:33,2,0,0
BRDA:33,2,1,0
BRF:6
BRH:0
end_of_record
TN:
SF:src\auth\auth.module.ts
FNF:0
FNH:0
DA:1,0
DA:2,0
DA:4,0
DA:5,0
DA:6,0
DA:7,0
DA:18,0
LF:7
LH:0
BRF:0
BRH:0
end_of_record
TN:
SF:src\auth\auth.service.ts
FN:11,(anonymous_13)
FN:17,(anonymous_14)
FN:50,(anonymous_15)
FN:74,(anonymous_16)
FNF:4
FNH:4
FNDA:7,(anonymous_13)
FNDA:3,(anonymous_14)
FNDA:2,(anonymous_15)
FNDA:1,(anonymous_16)
DA:1,2
DA:2,2
DA:3,2
DA:4,2
DA:5,2
DA:6,2
DA:7,2
DA:10,2
DA:13,7
DA:14,7
DA:19,3
DA:20,3
DA:22,1
DA:25,2
DA:26,0
DA:29,2
DA:33,2
DA:34,1
DA:39,1
DA:42,1
DA:43,0
DA:47,2
DA:52,2
DA:53,2
DA:55,1
DA:58,1
DA:62,1
DA:63,0
DA:68,0
DA:71,1
DA:75,1
DA:76,1
LF:32
LH:28
BRDA:25,0,0,0
BRDA:25,0,1,2
BRDA:33,1,0,1
BRDA:33,1,1,1
BRDA:36,2,0,1
BRDA:36,2,1,0
BRDA:36,2,2,0
BRDA:42,3,0,0
BRDA:42,3,1,1
BRDA:62,4,0,0
BRDA:62,4,1,1
BRDA:65,5,0,0
BRDA:65,5,1,0
BRDA:13,6,0,2
BRDA:13,6,1,0
BRDA:13,7,0,2
BRDA:13,7,1,2
BRDA:13,8,0,2
BRDA:13,8,1,0
BRDA:13,9,0,2
BRDA:13,9,1,2
BRF:21
BRH:12
end_of_record
TN:
SF:src\auth\dto\firebase-register.dto.ts
FNF:0
FNH:0
DA:1,0
DA:3,0
DA:6,0
LF:3
LH:0
BRF:0
BRH:0
end_of_record
TN:
SF:src\chat\chat.controller.ts
FN:13,(anonymous_4)
FN:23,(anonymous_5)
FN:44,(anonymous_6)
FN:51,(anonymous_7)
FN:82,(anonymous_8)
FNF:5
FNH:4
FNDA:5,(anonymous_4)
FNDA:2,(anonymous_5)
FNDA:0,(anonymous_6)
FNDA:1,(anonymous_7)
FNDA:1,(anonymous_8)
DA:1,1
DA:2,1
DA:3,1
DA:4,1
DA:5,1
DA:6,1
DA:7,1
DA:8,1
DA:9,1
DA:12,1
DA:15,5
DA:18,5
DA:19,5
DA:23,1
DA:27,2
DA:28,2
DA:29,1
DA:31,1
DA:32,1
DA:34,1
DA:35,1
DA:36,0
DA:37,0
DA:39,1
DA:40,1
DA:44,1
DA:45,0
DA:46,0
DA:47,0
DA:51,1
DA:52,1
DA:53,1
DA:54,1
DA:56,1
DA:58,1
DA:63,1
DA:65,1
DA:66,0
DA:67,0
DA:70,1
DA:76,0
DA:77,0
DA:82,1
DA:83,1
LF:44
LH:35
BRDA:28,0,0,1
BRDA:28,0,1,1
BRDA:31,1,0,1
BRDA:31,1,1,0
BRDA:34,2,0,1
BRDA:34,2,1,0
BRDA:36,3,0,0
BRDA:36,3,1,0
BRDA:46,4,0,0
BRDA:46,4,1,0
BRDA:54,5,0,1
BRDA:54,5,1,1
BRDA:56,6,0,1
BRDA:56,6,1,0
BRDA:60,7,0,1
BRDA:60,7,1,0
BRDA:60,8,0,0
BRDA:60,8,1,0
BRDA:65,9,0,0
BRDA:65,9,1,1
BRDA:65,10,0,1
BRDA:65,10,1,0
BRDA:73,11,0,0
BRDA:73,11,1,1
BRDA:76,12,0,0
BRDA:76,12,1,0
BRDA:76,13,0,0
BRDA:76,13,1,0
BRDA:77,14,0,0
BRDA:77,14,1,0
BRDA:25,15,0,1
BRDA:25,15,1,0
BRDA:25,16,0,1
BRDA:25,16,1,1
BRDA:51,17,0,1
BRDA:51,17,1,0
BRDA:51,18,0,1
BRDA:51,18,1,1
BRDA:15,19,0,1
BRDA:15,19,1,0
BRDA:15,20,0,1
BRDA:15,20,1,1
BRDA:15,21,0,1
BRDA:15,21,1,0
BRDA:15,22,0,1
BRDA:15,22,1,1
BRDA:18,23,0,1
BRDA:18,23,1,0
BRDA:18,24,0,1
BRDA:18,24,1,1
BRF:50
BRH:26
end_of_record
TN:
SF:src\chat\chat.gateway.ts
FN:13,(anonymous_4)
FN:27,(anonymous_5)
FN:35,(anonymous_6)
FN:47,(anonymous_7)
FN:51,(anonymous_8)
FN:56,(anonymous_9)
FN:65,(anonymous_10)
FNF:7
FNH:3
FNDA:1,(anonymous_4)
FNDA:2,(anonymous_5)
FNDA:0,(anonymous_6)
FNDA:0,(anonymous_7)
FNDA:0,(anonymous_8)
FNDA:0,(anonymous_9)
FNDA:1,(anonymous_10)
DA:2,1
DA:3,1
DA:4,1
DA:5,1
DA:6,1
DA:7,1
DA:8,1
DA:11,1
DA:13,1
DA:18,1
DA:25,1
DA:28,2
DA:30,2
DA:31,2
DA:35,1
DA:39,0
DA:40,0
DA:41,0
DA:43,0
DA:56,1
DA:60,0
DA:65,1
DA:69,1
DA:70,1
DA:71,0
DA:74,1
DA:80,1
DA:82,1
DA:83,1
DA:84,1
DA:85,1
DA:86,1
DA:89,1
DA:95,1
DA:96,1
DA:99,1
DA:100,1
DA:105,1
DA:106,1
LF:39
LH:33
BRDA:70,0,0,0
BRDA:70,0,1,1
BRDA:83,1,0,1
BRDA:83,1,1,0
BRDA:92,2,0,1
BRDA:92,2,1,1
BRDA:15,3,0,1
BRDA:15,3,1,0
BRDA:15,4,0,1
BRDA:15,4,1,1
BRDA:25,5,0,1
BRDA:25,5,1,0
BRDA:25,6,0,1
BRDA:25,6,1,1
BRDA:37,7,0,1
BRDA:37,7,1,0
BRDA:37,8,0,1
BRDA:37,8,1,1
BRDA:58,9,0,1
BRDA:58,9,1,0
BRDA:58,10,0,1
BRDA:58,10,1,1
BRDA:67,11,0,1
BRDA:67,11,1,0
BRDA:67,12,0,1
BRDA:67,12,1,1
BRDA:28,13,0,1
BRDA:28,13,1,0
BRDA:28,14,0,1
BRDA:28,14,1,1
BRDA:28,15,0,1
BRDA:28,15,1,0
BRDA:28,16,0,1
BRDA:28,16,1,1
BRDA:30,17,0,1
BRDA:30,17,1,0
BRDA:30,18,0,1
BRDA:30,18,1,1
BRF:38
BRH:28
end_of_record
TN:
SF:src\chat\chat.module.ts
FN:17,(anonymous_1)
FNF:1
FNH:0
FNDA:0,(anonymous_1)
DA:1,0
DA:2,0
DA:3,0
DA:4,0
DA:5,0
DA:6,0
DA:7,0
DA:8,0
DA:9,0
DA:10,0
DA:17,0
DA:24,0
LF:12
LH:0
BRF:0
BRH:0
end_of_record
TN:
SF:src\chat\chat.service.ts
FN:12,(anonymous_4)
FN:22,(anonymous_5)
FN:34,(anonymous_6)
FN:46,(anonymous_7)
FNF:4
FNH:4
FNDA:5,(anonymous_4)
FNDA:2,(anonymous_5)
FNDA:1,(anonymous_6)
FNDA:2,(anonymous_7)
DA:1,4
DA:2,4
DA:3,4
DA:4,4
DA:5,4
DA:6,4
DA:7,4
DA:11,4
DA:14,5
DA:16,5
DA:17,5
DA:19,5
DA:23,2
DA:28,2
DA:35,1
DA:47,2
DA:48,2
DA:50,2
DA:52,1
DA:53,1
DA:56,1
DA:57,1
DA:58,1
DA:59,1
DA:60,1
DA:61,1
DA:66,1
DA:67,1
DA:75,1
DA:79,1
DA:81,1
DA:82,1
DA:85,1
DA:92,1
LF:34
LH:34
BRDA:34,0,0,0
BRDA:48,1,0,0
BRDA:48,1,1,2
BRDA:50,2,0,1
BRDA:50,2,1,1
BRDA:60,3,0,1
BRDA:60,3,1,0
BRDA:66,4,0,1
BRDA:66,4,1,0
BRDA:70,5,0,1
BRDA:70,5,1,1
BRDA:88,6,0,1
BRDA:88,6,1,1
BRDA:14,7,0,4
BRDA:14,7,1,0
BRDA:14,8,0,4
BRDA:14,8,1,4
BRDA:14,9,0,4
BRDA:14,9,1,0
BRDA:14,10,0,4
BRDA:14,10,1,4
BRDA:16,11,0,4
BRDA:16,11,1,0
BRDA:16,12,0,4
BRDA:16,12,1,4
BRDA:17,13,0,4
BRDA:17,13,1,0
BRDA:17,14,0,4
BRDA:17,14,1,4
BRF:29
BRH:21
end_of_record
TN:
SF:src\chat\dto\create-conversation.dto.ts
FN:11,(anonymous_2)
FN:17,(anonymous_3)
FNF:2
FNH:0
FNDA:0,(anonymous_2)
FNDA:0,(anonymous_3)
DA:1,1
DA:2,1
DA:4,1
DA:7,1
DA:13,0
DA:14,0
DA:15,0
DA:17,0
DA:18,1
LF:9
LH:5
BRDA:13,0,0,0
BRDA:13,0,1,0
BRDA:13,1,0,0
BRDA:13,1,1,0
BRDA:13,1,2,0
BRDA:15,2,0,0
BRDA:15,2,1,0
BRF:7
BRH:0
end_of_record
TN:
SF:src\chat\dto\update-conversation.dto.ts
FNF:0
FNH:0
DA:1,1
DA:3,1
DA:6,1
DA:10,1
DA:14,1
LF:5
LH:5
BRF:0
BRH:0
end_of_record
TN:
SF:src\chat\entities\conversations.entity.ts
FN:24,(anonymous_2)
FN:24,(anonymous_3)
FNF:2
FNH:0
FNDA:0,(anonymous_2)
FNDA:0,(anonymous_3)
DA:1,5
DA:2,5
DA:5,5
DA:7,5
DA:10,5
DA:13,5
DA:16,5
DA:19,5
DA:22,5
DA:24,0
DA:25,5
LF:11
LH:10
BRDA:19,0,0,5
BRDA:19,0,1,0
BRDA:19,1,0,5
BRDA:19,1,1,5
BRF:4
BRH:3
end_of_record
TN:
SF:src\chat\entities\messages.entity.ts
FN:18,(anonymous_2)
FN:18,(anonymous_3)
FNF:2
FNH:0
FNDA:0,(anonymous_2)
FNDA:0,(anonymous_3)
DA:1,5
DA:2,5
DA:5,5
DA:7,5
DA:10,5
DA:13,5
DA:16,5
DA:18,0
DA:19,5
LF:9
LH:8
BRDA:16,0,0,5
BRDA:16,0,1,0
BRDA:16,1,0,5
BRDA:16,1,1,5
BRDA:19,2,0,4
BRDA:19,2,1,1
BRDA:19,3,0,5
BRDA:19,3,1,4
BRF:8
BRH:7
end_of_record
TN:
SF:src\customers\customers.ai.service.ts
FN:8,(anonymous_2)
FN:13,(anonymous_3)
FNF:2
FNH:2
FNDA:3,(anonymous_2)
FNDA:3,(anonymous_3)
DA:1,4
DA:2,4
DA:4,4
DA:7,4
DA:9,3
DA:10,3
DA:14,3
DA:15,3
DA:17,2
DA:18,0
DA:19,0
DA:21,0
DA:24,2
DA:33,2
DA:34,2
LF:15
LH:12
BRDA:14,0,0,3
BRDA:14,0,1,0
BRDA:17,1,0,0
BRDA:17,1,1,2
BRDA:18,2,0,0
BRDA:18,2,1,0
BRDA:18,3,0,0
BRDA:18,3,1,0
BRDA:9,4,0,4
BRDA:9,4,1,0
BRDA:9,5,0,4
BRDA:9,5,1,4
BRDA:9,6,0,4
BRDA:9,6,1,0
BRDA:9,7,0,4
BRDA:9,7,1,4
BRF:16
BRH:8
end_of_record
TN:
SF:src\customers\customers.controller.ts
FN:8,(anonymous_4)
FN:11,(anonymous_5)
FN:16,(anonymous_6)
FN:21,(anonymous_7)
FN:26,(anonymous_8)
FN:31,(anonymous_9)
FN:36,(anonymous_10)
FN:41,(anonymous_11)
FNF:8
FNH:6
FNDA:6,(anonymous_4)
FNDA:1,(anonymous_5)
FNDA:1,(anonymous_6)
FNDA:0,(anonymous_7)
FNDA:0,(anonymous_8)
FNDA:1,(anonymous_9)
FNDA:1,(anonymous_10)
FNDA:1,(anonymous_11)
DA:1,1
DA:2,1
DA:4,1
DA:7,1
DA:8,6
DA:11,1
DA:12,1
DA:16,1
DA:17,1
DA:21,1
DA:22,0
DA:26,1
DA:27,0
DA:31,1
DA:32,1
DA:36,1
DA:37,1
DA:41,1
DA:42,1
LF:19
LH:17
BRDA:11,0,0,1
BRDA:11,0,1,0
BRDA:11,1,0,1
BRDA:11,1,1,1
BRDA:36,2,0,1
BRDA:36,2,1,0
BRDA:36,3,0,1
BRDA:36,3,1,1
BRDA:8,4,0,1
BRDA:8,4,1,0
BRDA:8,5,0,1
BRDA:8,5,1,1
BRF:12
BRH:9
end_of_record
TN:
SF:src\customers\customers.module.ts
FNF:0
FNH:0
DA:1,0
DA:2,0
DA:3,0
DA:4,0
DA:5,0
DA:6,0
DA:7,0
DA:8,0
DA:16,0
LF:9
LH:0
BRF:0
BRH:0
end_of_record
TN:
SF:src\customers\customers.service.ts
FN:9,(anonymous_4)
FN:14,(anonymous_5)
FN:19,(anonymous_6)
FN:23,(anonymous_7)
FN:31,(anonymous_8)
FN:36,(anonymous_9)
FN:44,(anonymous_10)
FN:47,(anonymous_11)
FNF:8
FNH:6
FNDA:8,(anonymous_4)
FNDA:1,(anonymous_5)
FNDA:1,(anonymous_6)
FNDA:3,(anonymous_7)
FNDA:1,(anonymous_8)
FNDA:2,(anonymous_9)
FNDA:0,(anonymous_10)
FNDA:0,(anonymous_11)
DA:1,9
DA:2,9
DA:3,9
DA:4,9
DA:5,9
DA:8,9
DA:11,8
DA:15,1
DA:16,1
DA:20,1
DA:24,3
DA:25,3
DA:26,1
DA:28,2
DA:32,1
DA:33,1
DA:37,2
DA:38,2
DA:39,1
DA:41,1
DA:45,0
DA:48,0
DA:49,0
DA:50,0
DA:53,0
DA:54,0
DA:55,0
DA:57,0
DA:58,0
LF:29
LH:20
BRDA:25,0,0,1
BRDA:25,0,1,2
BRDA:38,1,0,1
BRDA:38,1,1,1
BRDA:48,2,0,0
BRDA:48,2,1,0
BRDA:53,3,0,0
BRDA:53,3,1,0
BRDA:55,4,0,0
BRDA:55,4,1,0
BRDA:57,5,0,0
BRDA:57,5,1,0
BRDA:11,6,0,9
BRDA:11,6,1,0
BRDA:11,7,0,9
BRDA:11,7,1,9
BRF:16
BRH:7
end_of_record
TN:
SF:src\customers\dto\create-customer-from-ai.dto.ts
FNF:0
FNH:0
DA:1,0
DA:3,0
DA:5,0
DA:8,0
DA:12,0
DA:16,0
DA:20,0
DA:24,0
DA:28,0
LF:9
LH:0
BRF:0
BRH:0
end_of_record
TN:
SF:src\customers\dto\create-customer.dto.ts
FNF:0
FNH:0
DA:1,1
DA:3,1
DA:6,1
LF:3
LH:3
BRF:0
BRH:0
end_of_record
TN:
SF:src\customers\entities\customer-audit.entity.ts
FNF:0
FNH:0
DA:1,4
DA:4,4
DA:6,4
DA:9,4
DA:12,4
DA:15,4
DA:19,4
DA:22,4
LF:8
LH:8
BRDA:22,0,0,4
BRDA:22,0,1,0
BRDA:22,1,0,4
BRDA:22,1,1,4
BRF:4
BRH:3
end_of_record
TN:
SF:src\customers\entities\customers.entity.ts
FN:44,(anonymous_2)
FN:47,(anonymous_3)
FN:50,(anonymous_4)
FN:50,(anonymous_5)
FNF:4
FNH:0
FNDA:0,(anonymous_2)
FNDA:0,(anonymous_3)
FNDA:0,(anonymous_4)
FNDA:0,(anonymous_5)
DA:1,11
DA:2,11
DA:5,11
DA:7,11
DA:10,11
DA:13,11
DA:16,11
DA:19,11
DA:22,11
DA:25,11
DA:28,11
DA:31,11
DA:34,11
DA:44,0
DA:45,11
DA:47,0
DA:48,11
DA:50,0
DA:51,11
LF:19
LH:16
BRDA:25,0,0,11
BRDA:25,0,1,0
BRDA:25,1,0,11
BRDA:25,1,1,11
BRDA:45,2,0,11
BRDA:45,2,1,0
BRDA:45,3,0,11
BRDA:45,3,1,11
BRDA:48,4,0,11
BRDA:48,4,1,0
BRDA:48,5,0,11
BRDA:48,5,1,11
BRF:12
BRH:9
end_of_record
TN:
SF:src\debug\debug.controller.ts
FN:8,(anonymous_4)
FN:15,(anonymous_5)
FN:23,(anonymous_6)
FNF:3
FNH:0
FNDA:0,(anonymous_4)
FNDA:0,(anonymous_5)
FNDA:0,(anonymous_6)
DA:1,0
DA:2,0
DA:3,0
DA:4,0
DA:7,0
DA:9,0
DA:10,0
DA:11,0
DA:15,0
DA:16,0
DA:17,0
DA:19,0
DA:23,0
DA:24,0
LF:14
LH:0
BRDA:16,0,0,0
BRDA:16,0,1,0
BRDA:9,1,0,0
BRDA:9,1,1,0
BRDA:9,2,0,0
BRDA:9,2,1,0
BRDA:9,3,0,0
BRDA:9,3,1,0
BRDA:9,4,0,0
BRDA:9,4,1,0
BRDA:10,5,0,0
BRDA:10,5,1,0
BRDA:10,6,0,0
BRDA:10,6,1,0
BRF:14
BRH:0
end_of_record
TN:
SF:src\debug\debug.module.ts
FNF:0
FNH:0
DA:1,0
DA:2,0
DA:3,0
DA:4,0
DA:5,0
DA:6,0
DA:12,0
LF:7
LH:0
BRF:0
BRH:0
end_of_record
TN:
SF:src\debug\generate-chart.controller.ts
FN:6,(anonymous_4)
FNF:1
FNH:0
FNDA:0,(anonymous_4)
DA:1,0
DA:4,0
DA:6,0
DA:8,0
DA:9,0
DA:14,0
DA:15,0
LF:7
LH:0
BRF:0
BRH:0
end_of_record
TN:
SF:src\migrations\1697000000000-InitSchema.ts
FN:6,(anonymous_0)
FN:22,(anonymous_1)
FNF:2
FNH:0
FNDA:0,(anonymous_0)
FNDA:0,(anonymous_1)
DA:3,0
DA:4,0
DA:7,0
DA:8,0
DA:9,0
DA:10,0
DA:11,0
DA:12,0
DA:13,0
DA:14,0
DA:15,0
DA:16,0
DA:17,0
DA:18,0
DA:19,0
DA:23,0
DA:24,0
DA:25,0
DA:26,0
DA:27,0
DA:28,0
DA:29,0
DA:30,0
DA:31,0
DA:32,0
DA:33,0
DA:34,0
DA:35,0
LF:28
LH:0
BRF:0
BRH:0
end_of_record
TN:
SF:src\migrations\1697539200000-AddAppointmentsCustomerAndServicesTable.ts
FN:4,(anonymous_0)
FN:71,(anonymous_1)
FNF:2
FNH:0
FNDA:0,(anonymous_0)
FNDA:0,(anonymous_1)
DA:1,0
DA:3,0
DA:5,0
DA:6,0
DA:7,0
DA:8,0
DA:9,0
DA:15,0
DA:16,0
DA:17,0
DA:26,0
DA:27,0
DA:28,0
DA:72,0
DA:73,0
DA:74,0
DA:77,0
DA:78,0
DA:79,0
DA:81,0
DA:82,0
DA:83,0
LF:22
LH:0
BRDA:6,0,0,0
BRDA:6,0,1,0
BRDA:8,1,0,0
BRDA:8,1,1,0
BRDA:16,2,0,0
BRDA:16,2,1,0
BRDA:27,3,0,0
BRDA:27,3,1,0
BRDA:73,4,0,0
BRDA:73,4,1,0
BRDA:78,5,0,0
BRDA:78,5,1,0
BRDA:82,6,0,0
BRDA:82,6,1,0
BRF:14
BRH:0
end_of_record
TN:
SF:src\migrations\1697600000000-AddDurationToAppointments.ts
FN:6,(anonymous_0)
FN:10,(anonymous_1)
FNF:2
FNH:0
FNDA:0,(anonymous_0)
FNDA:0,(anonymous_1)
DA:3,0
DA:4,0
DA:7,0
DA:11,0
LF:4
LH:0
BRF:0
BRH:0
end_of_record
TN:
SF:src\migrations\1756763517560-AddDefaultPermissions.ts
FN:5,(anonymous_0)
FN:22,(anonymous_1)
FNF:2
FNH:0
FNDA:0,(anonymous_0)
FNDA:0,(anonymous_1)
DA:3,0
DA:6,0
DA:23,0
LF:3
LH:0
BRF:0
BRH:0
end_of_record
TN:
SF:src\migrations\1757556523081-chatMessagesConversations.ts
FN:6,(anonymous_0)
FN:12,(anonymous_1)
FNF:2
FNH:0
FNDA:0,(anonymous_0)
FNDA:0,(anonymous_1)
DA:3,0
DA:4,0
DA:7,0
DA:8,0
DA:9,0
DA:13,0
DA:14,0
DA:15,0
LF:8
LH:0
BRF:0
BRH:0
end_of_record
TN:
SF:src\migrations\1759464533480-UpdateAppointmentsAddTimeFields.ts
FN:6,(anonymous_0)
FN:15,(anonymous_1)
FNF:2
FNH:0
FNDA:0,(anonymous_0)
FNDA:0,(anonymous_1)
DA:3,0
DA:4,0
DA:7,0
DA:8,0
DA:9,0
DA:10,0
DA:11,0
DA:12,0
DA:16,0
DA:17,0
DA:18,0
DA:19,0
DA:20,0
DA:21,0
LF:14
LH:0
BRF:0
BRH:0
end_of_record
TN:
SF:src\migrations\1759797868010-AddChatGptActiveToConversation.ts
FN:6,(anonymous_0)
FN:10,(anonymous_1)
FNF:2
FNH:0
FNDA:0,(anonymous_0)
FNDA:0,(anonymous_1)
DA:3,0
DA:4,0
DA:7,0
DA:11,0
LF:4
LH:0
BRF:0
BRH:0
end_of_record
TN:
SF:src\migrations\1759963665281-AddDateOfBirthStateAndCEP.ts
FN:6,(anonymous_0)
FN:12,(anonymous_1)
FNF:2
FNH:0
FNDA:0,(anonymous_0)
FNDA:0,(anonymous_1)
DA:3,0
DA:4,0
DA:7,0
DA:8,0
DA:9,0
DA:13,0
DA:14,0
DA:15,0
LF:8
LH:0
BRF:0
BRH:0
end_of_record
TN:
SF:src\migrations\1761100900000-CreateAiActionsTable.ts
FN:4,(anonymous_0)
FN:25,(anonymous_1)
FNF:2
FNH:0
FNDA:0,(anonymous_0)
FNDA:0,(anonymous_1)
DA:1,0
DA:3,0
DA:5,0
DA:6,0
DA:8,0
DA:26,0
DA:27,0
DA:28,0
LF:8
LH:0
BRDA:6,0,0,0
BRDA:6,0,1,0
BRDA:27,1,0,0
BRDA:27,1,1,0
BRF:4
BRH:0
end_of_record
TN:
SF:src\migrations\1761513360265-AllowNullFieldsCustomers.ts
FN:6,(anonymous_0)
FN:23,(anonymous_1)
FNF:2
FNH:0
FNDA:0,(anonymous_0)
FNDA:0,(anonymous_1)
DA:3,0
DA:4,0
DA:7,0
DA:8,0
DA:9,0
DA:10,0
DA:11,0
DA:12,0
DA:13,0
DA:14,0
DA:15,0
DA:16,0
DA:17,0
DA:18,0
DA:19,0
DA:20,0
DA:24,0
DA:25,0
DA:26,0
DA:27,0
DA:28,0
DA:29,0
DA:30,0
DA:31,0
DA:32,0
DA:33,0
DA:34,0
DA:35,0
DA:36,0
DA:37,0
LF:30
LH:0
BRF:0
BRH:0
end_of_record
TN:
SF:src\migrations\1762000000000-AddCustomerIdToConversation.ts
FN:6,(anonymous_0)
FN:14,(anonymous_1)
FNF:2
FNH:0
FNDA:0,(anonymous_0)
FNDA:0,(anonymous_1)
DA:1,0
DA:3,0
DA:4,0
DA:7,0
DA:15,0
LF:5
LH:0
BRF:0
BRH:0
end_of_record
TN:
SF:src\migrations\1762024830078-CreateCustomerAuditTable.ts
FN:6,(anonymous_0)
FN:10,(anonymous_1)
FNF:2
FNH:0
FNDA:0,(anonymous_0)
FNDA:0,(anonymous_1)
DA:3,0
DA:4,0
DA:7,0
DA:11,0
LF:4
LH:0
BRF:0
BRH:0
end_of_record
TN:
SF:src\migrations\1762500000000-CreateRegistrationCodesTable.ts
FN:6,(anonymous_0)
FN:30,(anonymous_1)
FNF:2
FNH:0
FNDA:0,(anonymous_0)
FNDA:0,(anonymous_1)
DA:3,0
DA:4,0
DA:7,0
DA:21,0
DA:25,0
DA:31,0
DA:32,0
DA:33,0
LF:8
LH:0
BRF:0
BRH:0
end_of_record
TN:
SF:src\openai\aichat\aichat.controller.ts
FN:7,(anonymous_4)
FN:10,(anonymous_5)
FNF:2
FNH:2
FNDA:2,(anonymous_4)
FNDA:1,(anonymous_5)
DA:1,1
DA:2,1
DA:3,1
DA:6,1
DA:7,2
DA:10,1
DA:11,1
DA:12,1
LF:8
LH:8
BRDA:10,0,0,1
BRDA:10,0,1,0
BRDA:10,1,0,1
BRDA:10,1,1,1
BRDA:10,2,0,1
BRDA:10,2,1,0
BRDA:10,3,0,1
BRDA:10,3,1,1
BRDA:7,4,0,1
BRDA:7,4,1,0
BRDA:7,5,0,1
BRDA:7,5,1,1
BRF:12
BRH:9
end_of_record
TN:
SF:src\openai\aichat\aichat.module.ts
FN:11,(anonymous_1)
FNF:1
FNH:0
FNDA:0,(anonymous_1)
DA:1,0
DA:2,0
DA:3,0
DA:4,0
DA:5,0
DA:6,0
DA:7,0
DA:8,0
DA:11,0
DA:15,0
LF:10
LH:0
BRF:0
BRH:0
end_of_record
TN:
SF:src\openai\aichat\aichat.service.ts
FN:14,(anonymous_2)
FN:24,(anonymous_3)
FN:42,(anonymous_4)
FN:43,(anonymous_5)
FNF:4
FNH:4
FNDA:3,(anonymous_2)
FNDA:3,(anonymous_3)
FNDA:3,(anonymous_4)
FNDA:3,(anonymous_5)
DA:1,3
DA:2,3
DA:3,3
DA:4,3
DA:5,3
DA:6,3
DA:7,3
DA:8,3
DA:9,3
DA:12,3
DA:15,3
DA:16,3
DA:17,3
DA:18,3
DA:19,3
DA:20,3
DA:21,3
DA:25,3
DA:27,3
DA:28,3
DA:29,3
DA:30,3
DA:32,0
DA:33,0
DA:35,3
DA:36,3
DA:38,0
DA:39,0
DA:42,3
DA:43,3
DA:46,3
DA:49,3
DA:51,3
DA:52,3
DA:53,0
DA:55,3
DA:56,3
DA:58,3
DA:59,0
DA:60,0
DA:61,0
DA:62,0
DA:63,0
DA:66,0
DA:70,3
DA:71,3
DA:90,2
DA:91,2
DA:93,2
DA:94,0
DA:95,0
DA:96,0
DA:97,0
DA:98,0
DA:99,0
DA:101,0
DA:102,0
DA:103,0
DA:106,0
DA:110,2
DA:111,2
DA:112,0
DA:113,0
DA:115,1
DA:116,1
LF:65
LH:42
BRDA:52,0,0,0
BRDA:52,0,1,3
BRDA:58,1,0,0
BRDA:58,1,1,3
BRDA:62,2,0,0
BRDA:62,2,1,0
BRDA:62,3,0,0
BRDA:62,3,1,0
BRDA:93,4,0,0
BRDA:93,4,1,2
BRDA:96,5,0,0
BRDA:96,5,1,0
BRDA:97,6,0,0
BRDA:97,6,1,0
BRDA:101,7,0,0
BRDA:101,7,1,0
BRDA:111,8,0,2
BRDA:111,8,1,0
BRDA:111,9,0,2
BRDA:111,9,1,2
BRDA:15,10,0,3
BRDA:15,10,1,0
BRDA:15,11,0,3
BRDA:15,11,1,3
BRDA:15,12,0,3
BRDA:15,12,1,0
BRDA:15,13,0,3
BRDA:15,13,1,3
BRDA:16,14,0,3
BRDA:16,14,1,0
BRDA:16,15,0,3
BRDA:16,15,1,3
BRDA:17,16,0,3
BRDA:17,16,1,0
BRDA:17,17,0,3
BRDA:17,17,1,3
BRDA:18,18,0,3
BRDA:18,18,1,0
BRDA:18,19,0,3
BRDA:18,19,1,3
BRDA:19,20,0,3
BRDA:19,20,1,0
BRDA:19,21,0,3
BRDA:19,21,1,3
BRDA:20,22,0,3
BRDA:20,22,1,0
BRDA:20,23,0,3
BRDA:20,23,1,3
BRF:48
BRH:27
end_of_record
TN:
SF:src\openai\chartai\chartai.controller.ts
FN:7,(anonymous_4)
FN:10,(anonymous_5)
FNF:2
FNH:0
FNDA:0,(anonymous_4)
FNDA:0,(anonymous_5)
DA:1,0
DA:2,0
DA:3,0
DA:6,0
DA:7,0
DA:10,0
DA:11,0
LF:7
LH:0
BRDA:10,0,0,0
BRDA:10,0,1,0
BRDA:10,1,0,0
BRDA:10,1,1,0
BRDA:7,2,0,0
BRDA:7,2,1,0
BRDA:7,3,0,0
BRDA:7,3,1,0
BRF:8
BRH:0
end_of_record
TN:
SF:src\openai\chartai\chartai.module.ts
FNF:0
FNH:0
DA:1,0
DA:2,0
DA:3,0
DA:4,0
DA:5,0
DA:6,0
DA:7,0
DA:8,0
DA:9,0
DA:10,0
DA:18,0
LF:11
LH:0
BRF:0
BRH:0
end_of_record
TN:
SF:src\openai\chartai\chartai.service.ts
FN:14,(anonymous_4)
FN:27,(anonymous_5)
FN:114,(anonymous_6)
FN:144,(anonymous_7)
FN:180,(anonymous_8)
FN:190,(anonymous_9)
FN:190,(anonymous_10)
FN:243,(anonymous_11)
FN:247,(anonymous_12)
FN:251,(anonymous_13)
FN:327,(anonymous_14)
FNF:11
FNH:0
FNDA:0,(anonymous_4)
FNDA:0,(anonymous_5)
FNDA:0,(anonymous_6)
FNDA:0,(anonymous_7)
FNDA:0,(anonymous_8)
FNDA:0,(anonymous_9)
FNDA:0,(anonymous_10)
FNDA:0,(anonymous_11)
FNDA:0,(anonymous_12)
FNDA:0,(anonymous_13)
FNDA:0,(anonymous_14)
DA:1,0
DA:2,0
DA:3,0
DA:4,0
DA:5,0
DA:6,0
DA:7,0
DA:8,0
DA:9,0
DA:10,0
DA:13,0
DA:15,0
DA:16,0
DA:18,0
DA:20,0
DA:22,0
DA:24,0
DA:28,0
DA:30,0
DA:86,0
DA:88,0
DA:89,0
DA:90,0
DA:110,0
DA:114,0
DA:115,0
DA:117,0
DA:118,0
DA:121,0
DA:122,0
DA:123,0
DA:124,0
DA:125,0
DA:126,0
DA:127,0
DA:128,0
DA:129,0
DA:130,0
DA:131,0
DA:135,0
DA:137,0
DA:141,0
DA:144,0
DA:145,0
DA:148,0
DA:149,0
DA:150,0
DA:153,0
DA:154,0
DA:155,0
DA:156,0
DA:157,0
DA:160,0
DA:164,0
DA:165,0
DA:166,0
DA:170,0
DA:171,0
DA:173,0
DA:174,0
DA:175,0
DA:176,0
DA:178,0
DA:179,0
DA:180,0
DA:181,0
DA:182,0
DA:184,0
DA:185,0
DA:189,0
DA:190,0
DA:191,0
DA:192,0
DA:193,0
DA:194,0
DA:195,0
DA:196,0
DA:200,0
DA:206,0
DA:209,0
DA:211,0
DA:212,0
DA:213,0
DA:217,0
DA:218,0
DA:232,0
DA:233,0
DA:236,0
DA:242,0
DA:243,0
DA:246,0
DA:247,0
DA:251,0
DA:252,0
DA:255,0
DA:256,0
DA:257,0
DA:258,0
DA:262,0
DA:267,0
DA:269,0
DA:270,0
DA:272,0
DA:277,0
DA:278,0
DA:279,0
DA:280,0
DA:283,0
DA:284,0
DA:286,0
DA:289,0
DA:290,0
DA:295,0
DA:296,0
DA:297,0
DA:298,0
DA:299,0
DA:302,0
DA:304,0
DA:305,0
DA:306,0
DA:307,0
DA:310,0
DA:311,0
DA:312,0
DA:315,0
DA:316,0
DA:317,0
DA:319,0
DA:325,0
DA:326,0
DA:327,0
DA:330,0
DA:336,0
DA:338,0
DA:339,0
DA:340,0
DA:341,0
DA:343,0
DA:344,0
DA:345,0
DA:346,0
DA:347,0
DA:348,0
DA:350,0
DA:358,0
DA:365,0
DA:366,0
DA:369,0
LF:149
LH:0
BRDA:86,0,0,0
BRDA:86,0,1,0
BRDA:89,1,0,0
BRDA:89,1,1,0
BRDA:110,2,0,0
BRDA:110,2,1,0
BRDA:118,3,0,0
BRDA:118,3,1,0
BRDA:118,4,0,0
BRDA:118,4,1,0
BRDA:122,5,0,0
BRDA:122,5,1,0
BRDA:126,6,0,0
BRDA:126,6,1,0
BRDA:127,7,0,0
BRDA:127,7,1,0
BRDA:129,8,0,0
BRDA:129,8,1,0
BRDA:141,9,0,0
BRDA:141,9,1,0
BRDA:149,10,0,0
BRDA:149,10,1,0
BRDA:149,11,0,0
BRDA:149,11,1,0
BRDA:150,12,0,0
BRDA:150,12,1,0
BRDA:150,13,0,0
BRDA:150,13,1,0
BRDA:154,14,0,0
BRDA:154,14,1,0
BRDA:154,15,0,0
BRDA:154,15,1,0
BRDA:155,16,0,0
BRDA:155,16,1,0
BRDA:155,17,0,0
BRDA:155,17,1,0
BRDA:155,17,2,0
BRDA:156,18,0,0
BRDA:156,18,1,0
BRDA:156,19,0,0
BRDA:156,19,1,0
BRDA:156,19,2,0
BRDA:157,20,0,0
BRDA:157,20,1,0
BRDA:157,21,0,0
BRDA:157,21,1,0
BRDA:157,21,2,0
BRDA:166,22,0,0
BRDA:166,22,1,0
BRDA:171,23,0,0
BRDA:171,23,1,0
BRDA:174,24,0,0
BRDA:174,24,1,0
BRDA:184,25,0,0
BRDA:184,25,1,0
BRDA:191,26,0,0
BRDA:191,26,1,0
BRDA:192,27,0,0
BRDA:192,27,1,0
BRDA:193,28,0,0
BRDA:193,28,1,0
BRDA:194,29,0,0
BRDA:194,29,1,0
BRDA:195,30,0,0
BRDA:195,30,1,0
BRDA:209,31,0,0
BRDA:209,31,1,0
BRDA:209,32,0,0
BRDA:209,32,1,0
BRDA:209,32,2,0
BRDA:212,33,0,0
BRDA:212,33,1,0
BRDA:217,34,0,0
BRDA:217,34,1,0
BRDA:233,35,0,0
BRDA:233,35,1,0
BRDA:246,36,0,0
BRDA:246,36,1,0
BRDA:246,37,0,0
BRDA:246,37,1,0
BRDA:252,38,0,0
BRDA:252,38,1,0
BRDA:255,39,0,0
BRDA:255,39,1,0
BRDA:258,40,0,0
BRDA:258,40,1,0
BRDA:262,41,0,0
BRDA:262,41,1,0
BRDA:262,42,0,0
BRDA:262,42,1,0
BRDA:267,43,0,0
BRDA:267,43,1,0
BRDA:272,44,0,0
BRDA:272,44,1,0
BRDA:272,45,0,0
BRDA:272,45,1,0
BRDA:277,46,0,0
BRDA:277,46,1,0
BRDA:279,47,0,0
BRDA:279,47,1,0
BRDA:279,48,0,0
BRDA:279,48,1,0
BRDA:279,48,2,0
BRDA:279,48,3,0
BRDA:280,49,0,0
BRDA:280,49,1,0
BRDA:280,50,0,0
BRDA:280,50,1,0
BRDA:280,50,2,0
BRDA:280,50,3,0
BRDA:284,51,0,0
BRDA:284,51,1,0
BRDA:284,52,0,0
BRDA:284,52,1,0
BRDA:284,52,2,0
BRDA:284,52,3,0
BRDA:286,53,0,0
BRDA:286,53,1,0
BRDA:286,54,0,0
BRDA:286,54,1,0
BRDA:302,55,0,0
BRDA:302,55,1,0
BRDA:302,56,0,0
BRDA:302,56,1,0
BRDA:302,56,2,0
BRDA:311,57,0,0
BRDA:311,57,1,0
BRDA:312,58,0,0
BRDA:312,58,1,0
BRDA:315,59,0,0
BRDA:315,59,1,0
BRDA:336,60,0,0
BRDA:336,60,1,0
BRDA:340,61,0,0
BRDA:340,61,1,0
BRDA:341,62,0,0
BRDA:341,62,1,0
BRDA:343,63,0,0
BRDA:343,63,1,0
BRDA:347,64,0,0
BRDA:347,64,1,0
BRDA:347,65,0,0
BRDA:347,65,1,0
BRDA:15,66,0,0
BRDA:15,66,1,0
BRDA:15,67,0,0
BRDA:15,67,1,0
BRDA:15,68,0,0
BRDA:15,68,1,0
BRDA:15,69,0,0
BRDA:15,69,1,0
BRDA:16,70,0,0
BRDA:16,70,1,0
BRDA:16,71,0,0
BRDA:16,71,1,0
BRDA:18,72,0,0
BRDA:18,72,1,0
BRDA:18,73,0,0
BRDA:18,73,1,0
BRDA:20,74,0,0
BRDA:20,74,1,0
BRDA:20,75,0,0
BRDA:20,75,1,0
BRDA:22,76,0,0
BRDA:22,76,1,0
BRDA:22,77,0,0
BRDA:22,77,1,0
BRF:167
BRH:0
end_of_record
TN:
SF:src\openai\dto\prompt.dto.ts
FNF:0
FNH:0
DA:1,1
DA:3,1
DA:5,1
LF:3
LH:3
BRF:0
BRH:0
end_of_record
TN:
SF:src\registration\registration.module.ts
FNF:0
FNH:0
DA:1,0
DA:2,0
DA:3,0
DA:4,0
DA:11,0
LF:5
LH:0
BRF:0
BRH:0
end_of_record
TN:
SF:src\registration\registration.service.ts
FN:9,(anonymous_13)
FN:14,(anonymous_14)
FN:30,(anonymous_15)
FN:46,(anonymous_16)
FNF:4
FNH:4
FNDA:13,(anonymous_13)
FNDA:12,(anonymous_14)
FNDA:12,(anonymous_15)
FNDA:3,(anonymous_16)
DA:1,3
DA:2,3
DA:3,3
DA:4,3
DA:5,3
DA:8,3
DA:11,13
DA:15,12
DA:17,12
DA:18,12
DA:20,12
DA:25,12
DA:27,12
DA:31,12
DA:39,12
DA:40,7
DA:43,5
DA:47,3
LF:18
LH:18
BRDA:39,0,0,7
BRDA:39,0,1,5
BRDA:11,1,0,3
BRDA:11,1,1,0
BRDA:11,2,0,3
BRDA:11,2,1,3
BRF:6
BRH:5
end_of_record
TN:
SF:src\registration\entities\registration-code.entity.ts
FN:23,(anonymous_2)
FNF:1
FNH:0
FNDA:0,(anonymous_2)
DA:1,3
DA:4,3
DA:6,3
DA:9,3
DA:12,3
DA:15,3
DA:18,3
DA:21,3
DA:23,0
DA:24,3
LF:10
LH:9
BRDA:15,0,0,3
BRDA:15,0,1,0
BRDA:15,1,0,3
BRDA:15,1,1,3
BRDA:21,2,0,3
BRDA:21,2,1,0
BRDA:21,3,0,3
BRDA:21,3,1,3
BRDA:24,4,0,3
BRDA:24,4,1,0
BRDA:24,5,0,3
BRDA:24,5,1,3
BRF:12
BRH:9
end_of_record
TN:
SF:src\reports\reports.controller.ts
FNF:0
FNH:0
DA:1,1
DA:4,1
LF:2
LH:2
BRF:0
BRH:0
end_of_record
TN:
SF:src\reports\reports.module.ts
FNF:0
FNH:0
DA:1,0
DA:2,0
DA:3,0
DA:9,0
LF:4
LH:0
BRF:0
BRH:0
end_of_record
TN:
SF:src\reports\reports.service.ts
FNF:0
FNH:0
DA:1,1
DA:4,1
LF:2
LH:2
BRF:0
BRH:0
end_of_record
TN:
SF:src\sales\sales.controller.ts
FN:9,(anonymous_4)
FN:13,(anonymous_5)
FN:18,(anonymous_6)
FNF:3
FNH:1
FNDA:1,(anonymous_4)
FNDA:0,(anonymous_5)
FNDA:0,(anonymous_6)
DA:2,1
DA:3,1
DA:4,1
DA:8,1
DA:9,1
DA:13,1
DA:14,0
DA:18,1
DA:19,0
LF:9
LH:7
BRDA:13,0,0,1
BRDA:13,0,1,0
BRDA:13,1,0,1
BRDA:13,1,1,1
BRDA:13,2,0,1
BRDA:13,2,1,0
BRDA:13,3,0,1
BRDA:13,3,1,1
BRDA:18,4,0,1
BRDA:18,4,1,0
BRDA:18,5,0,1
BRDA:18,5,1,1
BRDA:9,6,0,1
BRDA:9,6,1,0
BRDA:9,7,0,1
BRDA:9,7,1,1
BRF:16
BRH:12
end_of_record
TN:
SF:src\sales\sales.module.ts
FNF:0
FNH:0
DA:1,0
DA:2,0
DA:3,0
DA:4,0
DA:5,0
DA:12,0
LF:6
LH:0
BRF:0
BRH:0
end_of_record
TN:
SF:src\sales\sales.service.ts
FN:11,(anonymous_4)
FN:16,(anonymous_5)
FN:24,(anonymous_6)
FNF:3
FNH:3
FNDA:3,(anonymous_4)
FNDA:1,(anonymous_5)
FNDA:1,(anonymous_6)
DA:3,2
DA:4,2
DA:5,2
DA:6,2
DA:10,2
DA:13,3
DA:17,1
DA:18,1
DA:20,1
DA:21,1
DA:25,1
LF:11
LH:11
BRDA:13,0,0,2
BRDA:13,0,1,0
BRDA:13,1,0,2
BRDA:13,1,1,2
BRF:4
BRH:3
end_of_record
TN:
SF:src\sales\dto\create-sale.dto.ts
FNF:0
FNH:0
DA:1,1
DA:4,1
DA:6,1
DA:9,1
DA:13,1
DA:17,1
DA:21,1
LF:7
LH:7
BRF:0
BRH:0
end_of_record
TN:
SF:src\sales\entities\sales.entity.ts
FN:15,(anonymous_2)
FN:27,(anonymous_3)
FN:31,(anonymous_4)
FNF:3
FNH:0
FNDA:0,(anonymous_2)
FNDA:0,(anonymous_3)
FNDA:0,(anonymous_4)
DA:1,11
DA:2,11
DA:5,11
DA:7,11
DA:10,11
DA:13,11
DA:15,0
DA:16,11
DA:19,11
DA:22,11
DA:25,11
DA:27,0
DA:29,11
DA:31,0
DA:32,11
LF:15
LH:12
BRDA:16,0,0,11
BRDA:16,0,1,0
BRDA:16,1,0,11
BRDA:16,1,1,11
BRDA:29,2,0,2
BRDA:29,2,1,9
BRDA:29,3,0,11
BRDA:29,3,1,2
BRDA:32,4,0,11
BRDA:32,4,1,0
BRDA:32,5,0,11
BRDA:32,5,1,11
BRF:12
BRH:10
end_of_record
TN:
SF:src\scripts\generate-registration-code.ts
FN:5,generateRegistrationCode
FNF:1
FNH:0
FNDA:0,generateRegistrationCode
DA:1,0
DA:2,0
DA:3,0
DA:6,0
DA:7,0
DA:9,0
DA:10,0
DA:11,0
DA:12,0
DA:14,0
DA:15,0
DA:16,0
DA:17,0
DA:20,0
DA:22,0
DA:26,0
LF:16
LH:0
BRDA:11,0,0,0
BRDA:11,0,1,0
BRF:2
BRH:0
end_of_record
TN:
SF:src\services\service.controller.ts
FN:8,(anonymous_4)
FN:11,(anonymous_5)
FN:16,(anonymous_6)
FNF:3
FNH:0
FNDA:0,(anonymous_4)
FNDA:0,(anonymous_5)
FNDA:0,(anonymous_6)
DA:1,0
DA:2,0
DA:3,0
DA:7,0
DA:8,0
DA:11,0
DA:12,0
DA:16,0
DA:17,0
LF:9
LH:0
BRDA:11,0,0,0
BRDA:11,0,1,0
BRDA:11,1,0,0
BRDA:11,1,1,0
BRDA:11,2,0,0
BRDA:11,2,1,0
BRDA:11,3,0,0
BRDA:11,3,1,0
BRDA:16,4,0,0
BRDA:16,4,1,0
BRDA:16,5,0,0
BRDA:16,5,1,0
BRDA:8,6,0,0
BRDA:8,6,1,0
BRDA:8,7,0,0
BRDA:8,7,1,0
BRF:16
BRH:0
end_of_record
TN:
SF:src\services\service.module.ts
FNF:0
FNH:0
DA:1,0
DA:2,0
DA:3,0
DA:4,0
DA:5,0
DA:13,0
LF:6
LH:0
BRF:0
BRH:0
end_of_record
TN:
SF:src\services\service.service.ts
FN:9,(anonymous_4)
FN:14,(anonymous_5)
FN:19,(anonymous_6)
FNF:3
FNH:0
FNDA:0,(anonymous_4)
FNDA:0,(anonymous_5)
FNDA:0,(anonymous_6)
DA:1,3
DA:2,3
DA:3,3
DA:4,3
DA:8,3
DA:11,0
DA:15,0
DA:16,0
DA:20,0
LF:9
LH:5
BRDA:11,0,0,3
BRDA:11,0,1,0
BRDA:11,1,0,3
BRDA:11,1,1,3
BRF:4
BRH:3
end_of_record
TN:
SF:src\services\dto\create-service.dto.ts
FNF:0
FNH:0
DA:1,0
LF:1
LH:0
BRF:0
BRH:0
end_of_record
TN:
SF:src\services\entities\service.entity.ts
FN:20,(anonymous_2)
FN:21,(anonymous_3)
FN:29,(anonymous_4)
FNF:3
FNH:0
FNDA:0,(anonymous_2)
FNDA:0,(anonymous_3)
FNDA:0,(anonymous_4)
DA:1,3
DA:4,3
DA:6,3
DA:10,3
DA:20,0
DA:21,0
DA:24,3
DA:27,3
DA:29,0
DA:30,3
DA:33,3
LF:11
LH:8
BRDA:21,0,0,0
BRDA:21,0,1,0
BRDA:30,1,0,3
BRDA:30,1,1,0
BRDA:30,2,0,3
BRDA:30,2,1,3
BRDA:33,3,0,3
BRDA:33,3,1,0
BRDA:33,4,0,3
BRDA:33,4,1,3
BRF:10
BRH:6
end_of_record
TN:
SF:src\users\users.controller.ts
FNF:0
FNH:0
DA:1,1
DA:4,1
LF:2
LH:2
BRF:0
BRH:0
end_of_record
TN:
SF:src\users\users.module.ts
FNF:0
FNH:0
DA:1,0
DA:2,0
DA:3,0
DA:4,0
DA:5,0
DA:12,0
LF:6
LH:0
BRF:0
BRH:0
end_of_record
TN:
SF:src\users\users.service.ts
FNF:0
FNH:0
DA:1,1
DA:4,1
LF:2
LH:2
BRF:0
BRH:0
end_of_record
TN:
SF:src\users\entities\users.entity.ts
FN:30,(anonymous_2)
FN:33,(anonymous_3)
FNF:2
FNH:0
FNDA:0,(anonymous_2)
FNDA:0,(anonymous_3)
DA:1,2
DA:5,2
DA:7,2
DA:10,2
DA:13,2
DA:16,2
DA:19,2
DA:22,2
DA:25,2
DA:28,2
DA:30,0
DA:31,2
DA:33,0
DA:34,2
LF:14
LH:12
BRDA:28,0,0,2
BRDA:28,0,1,0
BRDA:28,1,0,2
BRDA:28,1,1,2
BRDA:31,2,0,2
BRDA:31,2,1,0
BRDA:31,3,0,2
BRDA:31,3,1,2
BRDA:34,4,0,2
BRDA:34,4,1,0
BRDA:34,5,0,2
BRDA:34,5,1,2
BRF:12
BRH:9
end_of_record
TN:
SF:src\webhook\webhook.controller.ts
FN:8,(anonymous_4)
FNF:1
FNH:0
FNDA:0,(anonymous_4)
DA:1,1
DA:4,1
DA:5,1
DA:8,1
DA:9,0
DA:10,0
DA:11,0
DA:12,0
DA:13,0
LF:9
LH:4
BRDA:11,0,0,0
BRDA:11,0,1,0
BRF:2
BRH:0
end_of_record
TN:
SF:src\webhook\webhook.module.ts
FNF:0
FNH:0
DA:1,0
DA:2,0
DA:7,0
LF:3
LH:0
BRF:0
BRH:0
end_of_record
